Using pre-set license
Built from '2021.3/staging' branch; Version is '2021.3.21f1 (1b156197d683) revision 1774945'; Using compiler version '192829333'; Build Type 'Release'
OS: 'Windows 11  (10.0.22621) 64bit Professional' Language: 'en' Physical Memory: 15710 MB
BatchMode: 1, IsHumanControllingUs: 0, StartBugReporterOnCrash: 0, Is64bit: 1, IsPro: 1

COMMAND LINE ARGUMENTS:
C:\Program Files\Unity\Hub\Editor\2021.3.21f1\Editor\Unity.exe
-adb2
-batchMode
-noUpm
-name
AssetImportWorker3
-projectPath
C:/Users/selin/ZigZagGameDeneme
-logFile
Logs/AssetImportWorker3.log
-srvPort
55284
Successfully changed project path to: C:/Users/selin/ZigZagGameDeneme
C:/Users/selin/ZigZagGameDeneme
[UnityMemory] Configuration Parameters - Can be set up in boot.config
    "memorysetup-bucket-allocator-granularity=16"
    "memorysetup-bucket-allocator-bucket-count=8"
    "memorysetup-bucket-allocator-block-size=33554432"
    "memorysetup-bucket-allocator-block-count=8"
    "memorysetup-main-allocator-block-size=16777216"
    "memorysetup-thread-allocator-block-size=16777216"
    "memorysetup-gfx-main-allocator-block-size=16777216"
    "memorysetup-gfx-thread-allocator-block-size=16777216"
    "memorysetup-cache-allocator-block-size=4194304"
    "memorysetup-typetree-allocator-block-size=2097152"
    "memorysetup-profiler-bucket-allocator-granularity=16"
    "memorysetup-profiler-bucket-allocator-bucket-count=8"
    "memorysetup-profiler-bucket-allocator-block-size=33554432"
    "memorysetup-profiler-bucket-allocator-block-count=8"
    "memorysetup-profiler-allocator-block-size=16777216"
    "memorysetup-profiler-editor-allocator-block-size=1048576"
    "memorysetup-temp-allocator-size-main=16777216"
    "memorysetup-job-temp-allocator-block-size=2097152"
    "memorysetup-job-temp-allocator-block-size-background=1048576"
    "memorysetup-job-temp-allocator-reduction-small-platforms=262144"
    "memorysetup-temp-allocator-size-background-worker=32768"
    "memorysetup-temp-allocator-size-job-worker=262144"
    "memorysetup-temp-allocator-size-preload-manager=33554432"
    "memorysetup-temp-allocator-size-nav-mesh-worker=65536"
    "memorysetup-temp-allocator-size-audio-worker=65536"
    "memorysetup-temp-allocator-size-cloud-worker=32768"
    "memorysetup-temp-allocator-size-gi-baking-worker=262144"
    "memorysetup-temp-allocator-size-gfx=262144"
Player connection [21676] Host "[IP] 172.27.240.1 [Port] 0 [Flags] 2 [Guid] 3220629518 [EditorId] 3220629518 [Version] 1048832 [Id] WindowsEditor(7,DESKTOP-C28LL04) [Debug] 1 [PackageName] WindowsEditor [ProjectName] Editor" joined multi-casting on [225.0.0.222:54997]...

Player connection [21676] Host "[IP] 172.27.240.1 [Port] 0 [Flags] 2 [Guid] 3220629518 [EditorId] 3220629518 [Version] 1048832 [Id] WindowsEditor(7,DESKTOP-C28LL04) [Debug] 1 [PackageName] WindowsEditor [ProjectName] Editor" joined alternative multi-casting on [225.0.0.222:34997]...

Refreshing native plugins compatible for Editor in 81.15 ms, found 3 plugins.
Preloading 0 native plugins for Editor in 0.00 ms.
Initialize engine version: 2021.3.21f1 (1b156197d683)
[Subsystems] Discovering subsystems at path C:/Program Files/Unity/Hub/Editor/2021.3.21f1/Editor/Data/Resources/UnitySubsystems
[Subsystems] Discovering subsystems at path C:/Users/selin/ZigZagGameDeneme/Assets
GfxDevice: creating device client; threaded=0; jobified=0
Direct3D:
    Version:  Direct3D 11.0 [level 11.1]
    Renderer: AMD Radeon(TM) Graphics (ID=0x1638)
    Vendor:   ATI
    VRAM:     7855 MB
    Driver:   31.0.12002.7004
Initialize mono
Mono path[0] = 'C:/Program Files/Unity/Hub/Editor/2021.3.21f1/Editor/Data/Managed'
Mono path[1] = 'C:/Program Files/Unity/Hub/Editor/2021.3.21f1/Editor/Data/MonoBleedingEdge/lib/mono/unityjit-win32'
Mono config path = 'C:/Program Files/Unity/Hub/Editor/2021.3.21f1/Editor/Data/MonoBleedingEdge/etc'
Using monoOptions --debugger-agent=transport=dt_socket,embedding=1,server=y,suspend=n,address=127.0.0.1:56264
Begin MonoManager ReloadAssembly
Registering precompiled unity dll's ...
Register platform support module: C:/Program Files/Unity/Hub/Editor/2021.3.21f1/Editor/Data/PlaybackEngines/WebGLSupport/UnityEditor.WebGL.Extensions.dll
Register platform support module: C:/Program Files/Unity/Hub/Editor/2021.3.21f1/Editor/Data/PlaybackEngines/AndroidPlayer/UnityEditor.Android.Extensions.dll
Register platform support module: C:/Program Files/Unity/Hub/Editor/2021.3.21f1/Editor/Data/PlaybackEngines/WindowsStandaloneSupport/UnityEditor.WindowsStandalone.Extensions.dll
Registered in 0.004798 seconds.
Native extension for WindowsStandalone target not found
Native extension for Android target not found
Android Extension - Scanning For ADB Devices 264 ms
Native extension for WebGL target not found
Refreshing native plugins compatible for Editor in 83.70 ms, found 3 plugins.
Preloading 0 native plugins for Editor in 0.00 ms.
Mono: successfully reloaded assembly
- Completed reload, in  0.884 seconds
Domain Reload Profiling:
	ReloadAssembly (885ms)
		BeginReloadAssembly (70ms)
			ExecutionOrderSort (0ms)
			DisableScriptedObjects (0ms)
			BackupInstance (0ms)
			ReleaseScriptingObjects (0ms)
			CreateAndSetChildDomain (1ms)
		EndReloadAssembly (722ms)
			LoadAssemblies (69ms)
			RebuildTransferFunctionScriptingTraits (0ms)
			SetupTypeCache (97ms)
			ReleaseScriptCaches (0ms)
			RebuildScriptCaches (23ms)
			SetupLoadedEditorAssemblies (548ms)
				LogAssemblyErrors (0ms)
				InitializePlatformSupportModulesInManaged (330ms)
				SetLoadedEditorAssemblies (0ms)
				RefreshPlugins (84ms)
				BeforeProcessingInitializeOnLoad (1ms)
				ProcessInitializeOnLoadAttributes (90ms)
				ProcessInitializeOnLoadMethodAttributes (42ms)
				AfterProcessingInitializeOnLoad (0ms)
				EditorAssembliesLoaded (0ms)
			ExecutionOrderSort2 (0ms)
			AwakeInstancesAfterBackupRestoration (0ms)
Platform modules already initialized, skipping
Registering precompiled user dll's ...
Registered in 0.003741 seconds.
Begin MonoManager ReloadAssembly
Symbol file LoadedFromMemory doesn't match image C:\Users\selin\ZigZagGameDeneme\Library\PackageCache\com.unity.visualscripting@1.8.0\Editor\VisualScripting.Core\Dependencies\YamlDotNet\Unity.VisualScripting.YamlDotNet.dll
Symbol file LoadedFromMemory doesn't match image C:\Users\selin\ZigZagGameDeneme\Library\PackageCache\com.unity.visualscripting@1.8.0\Editor\VisualScripting.Core\Dependencies\DotNetZip\Unity.VisualScripting.IonicZip.dll
Native extension for WindowsStandalone target not found
Native extension for Android target not found
Native extension for WebGL target not found
Refreshing native plugins compatible for Editor in 0.86 ms, found 3 plugins.
Preloading 0 native plugins for Editor in 0.00 ms.
Mono: successfully reloaded assembly
- Completed reload, in  1.224 seconds
Domain Reload Profiling:
	ReloadAssembly (1225ms)
		BeginReloadAssembly (116ms)
			ExecutionOrderSort (0ms)
			DisableScriptedObjects (5ms)
			BackupInstance (0ms)
			ReleaseScriptingObjects (0ms)
			CreateAndSetChildDomain (21ms)
		EndReloadAssembly (969ms)
			LoadAssemblies (90ms)
			RebuildTransferFunctionScriptingTraits (0ms)
			SetupTypeCache (272ms)
			ReleaseScriptCaches (1ms)
			RebuildScriptCaches (47ms)
			SetupLoadedEditorAssemblies (513ms)
				LogAssemblyErrors (0ms)
				InitializePlatformSupportModulesInManaged (22ms)
				SetLoadedEditorAssemblies (0ms)
				RefreshPlugins (1ms)
				BeforeProcessingInitializeOnLoad (90ms)
				ProcessInitializeOnLoadAttributes (373ms)
				ProcessInitializeOnLoadMethodAttributes (20ms)
				AfterProcessingInitializeOnLoad (6ms)
				EditorAssembliesLoaded (0ms)
			ExecutionOrderSort2 (0ms)
			AwakeInstancesAfterBackupRestoration (8ms)
Platform modules already initialized, skipping
========================================================================
Worker process is ready to serve import requests
Launched and connected shader compiler UnityShaderCompiler.exe after 0.05 seconds
Refreshing native plugins compatible for Editor in 0.72 ms, found 3 plugins.
Preloading 0 native plugins for Editor in 0.00 ms.
Unloading 3105 Unused Serialized files (Serialized files now loaded: 0)
Unloading 23 unused Assets / (88.7 KB). Loaded Objects now: 3598.
Memory consumption went from 121.2 MB to 121.1 MB.
Total: 3.612400 ms (FindLiveObjects: 0.255700 ms CreateObjectMapping: 0.109400 ms MarkObjects: 3.131100 ms  DeleteObjects: 0.115400 ms)

AssetImportParameters requested are different than current active one (requested -> active):
  custom:video-decoder-ogg-theora: a1e56fd34408186e4bbccfd4996cb3dc -> 
  custom:container-muxer-webm: aa71ff27fc2769a1b78a27578f13a17b -> 
  custom:container-demuxer-webm: 4f35f7cbe854078d1ac9338744f61a02 -> 
  custom:video-encoder-webm-vp8: eb34c28f22e8b96e1ab97ce403110664 -> 
  custom:video-codec-MediaFoundation-h265: 746d11721c4dcdbdad8f713fa42b33f4 -> 
  custom:audio-encoder-webm-vorbis: bf7c407c2cedff20999df2af8eb42d56 -> 
  custom:framework-win-MediaFoundation: 216162199b28c13a410421893ffa2e32 -> 
  custom:container-demuxer-ogg: 62fdf1f143b41e24485cea50d1cbac27 -> 
  custom:video-decoder-webm-vp8: 9c59270c3fd7afecdb556c50c9e8de78 -> 
  custom:audio-decoder-ogg-vorbis: bf7c407c2cedff20999df2af8eb42d56 -> 
========================================================================
Received Import Request.
  Time since last request: 39720.123786 seconds.
  path: Assets/Ground textures pack/Ground & weeds/normal.tga
  artifactKey: Guid(aaf8aa487d001f44f9726eb6ee77d298) Importer(2089858483,0ecaa5967403d082aa24f35e1b516d23)
Start importing Assets/Ground textures pack/Ground & weeds/normal.tga using Guid(aaf8aa487d001f44f9726eb6ee77d298) Importer(2089858483,0ecaa5967403d082aa24f35e1b516d23) Generated GUIDs only implemented for interfaces!
 -> (artifact id: 'f54c49fd7653feaeaa80ebaaa7577b09') in 0.171866 seconds 
========================================================================
Received Import Request.
  Time since last request: 0.000033 seconds.
  path: Assets/_TerrainAutoUpgrade/layer_Road3-3b3407d0e55802f81.terrainlayer
  artifactKey: Guid(e50692efc3404ae48937ea6dc4a5954f) Importer(2089858483,0ecaa5967403d082aa24f35e1b516d23)
Start importing Assets/_TerrainAutoUpgrade/layer_Road3-3b3407d0e55802f81.terrainlayer using Guid(e50692efc3404ae48937ea6dc4a5954f) Importer(2089858483,0ecaa5967403d082aa24f35e1b516d23) Generated GUIDs only implemented for interfaces!
 -> (artifact id: '17bae9d60065dae1bf1dd78b298ac43f') in 0.036482 seconds 
========================================================================
Received Import Request.
  Time since last request: 0.000029 seconds.
  path: Assets/Ground textures pack/Grass & rocks/diffuse.tga
  artifactKey: Guid(12ff3c37d59e28240a8f4643c3ead3d3) Importer(2089858483,0ecaa5967403d082aa24f35e1b516d23)
Start importing Assets/Ground textures pack/Grass & rocks/diffuse.tga using Guid(12ff3c37d59e28240a8f4643c3ead3d3) Importer(2089858483,0ecaa5967403d082aa24f35e1b516d23) Generated GUIDs only implemented for interfaces!
 -> (artifact id: 'c4792aac8e680d6fb2c4b9e8068a4698') in 0.035539 seconds 
========================================================================
Received Import Request.
  Time since last request: 0.000029 seconds.
  path: Assets/Ground textures pack/Grass & dead leafs 01/diffuse.tga
  artifactKey: Guid(46c9b2c471a59f24cbe88eae93a32f60) Importer(2089858483,0ecaa5967403d082aa24f35e1b516d23)
Start importing Assets/Ground textures pack/Grass & dead leafs 01/diffuse.tga using Guid(46c9b2c471a59f24cbe88eae93a32f60) Importer(2089858483,0ecaa5967403d082aa24f35e1b516d23) Generated GUIDs only implemented for interfaces!
 -> (artifact id: 'a38a38f179db4ec1e332f8a9c60012be') in 0.039314 seconds 
========================================================================
Received Import Request.
  Time since last request: 0.000030 seconds.
  path: Assets/TextMesh Pro/Examples & Extras/Materials/Ground - Logo Scene.mat
  artifactKey: Guid(c719e38f25a9480abd2480ab621a2949) Importer(2089858483,0ecaa5967403d082aa24f35e1b516d23)
Start importing Assets/TextMesh Pro/Examples & Extras/Materials/Ground - Logo Scene.mat using Guid(c719e38f25a9480abd2480ab621a2949) Importer(2089858483,0ecaa5967403d082aa24f35e1b516d23) Generated GUIDs only implemented for interfaces!
 -> (artifact id: '6f3417f83d1480348774342921890b12') in 0.092776 seconds 
========================================================================
Received Import Request.
  Time since last request: 0.000032 seconds.
  path: Assets/Ground textures pack/Grass 06/diffuse.tga
  artifactKey: Guid(f3c7e12938d22604eb51dc02b394dd80) Importer(2089858483,0ecaa5967403d082aa24f35e1b516d23)
Start importing Assets/Ground textures pack/Grass 06/diffuse.tga using Guid(f3c7e12938d22604eb51dc02b394dd80) Importer(2089858483,0ecaa5967403d082aa24f35e1b516d23) Generated GUIDs only implemented for interfaces!
 -> (artifact id: 'e8e46b7254b78c035eac19d38f6329af') in 0.031890 seconds 
========================================================================
Received Import Request.
  Time since last request: 0.000030 seconds.
  path: Assets/Ground textures pack/Ground & moss
  artifactKey: Guid(98421ffd166677946bdb393d2752c846) Importer(2089858483,0ecaa5967403d082aa24f35e1b516d23)
Start importing Assets/Ground textures pack/Ground & moss using Guid(98421ffd166677946bdb393d2752c846) Importer(2089858483,0ecaa5967403d082aa24f35e1b516d23) Generated GUIDs only implemented for interfaces!
 -> (artifact id: 'a4099d9a07ed744424b3dd7b3a94c443') in 0.010823 seconds 
========================================================================
Received Import Request.
  Time since last request: 0.000024 seconds.
  path: Assets/Ground textures pack/Grass 02/diffuse.tga
  artifactKey: Guid(d902345b12dd31e4a83f0c375a540341) Importer(2089858483,0ecaa5967403d082aa24f35e1b516d23)
Start importing Assets/Ground textures pack/Grass 02/diffuse.tga using Guid(d902345b12dd31e4a83f0c375a540341) Importer(2089858483,0ecaa5967403d082aa24f35e1b516d23) Generated GUIDs only implemented for interfaces!
 -> (artifact id: '1344091c3bae6a73049ec3bf12fda627') in 0.023422 seconds 
========================================================================
Received Import Request.
  Time since last request: 0.000031 seconds.
  path: Assets/Ground textures pack/Grass 02/preview.jpg
  artifactKey: Guid(c3f3938c7c9e3d746a4d01269c0e3bbe) Importer(2089858483,0ecaa5967403d082aa24f35e1b516d23)
Start importing Assets/Ground textures pack/Grass 02/preview.jpg using Guid(c3f3938c7c9e3d746a4d01269c0e3bbe) Importer(2089858483,0ecaa5967403d082aa24f35e1b516d23) Generated GUIDs only implemented for interfaces!
 -> (artifact id: '1fd884544808ec634345aa89485a3c15') in 0.035904 seconds 
========================================================================
Received Import Request.
  Time since last request: 0.000044 seconds.
  path: Assets/Ground textures pack/Dry ground/preview.jpg
  artifactKey: Guid(4602e8f26b3f5b24d8e4fd1af5e63cfb) Importer(2089858483,0ecaa5967403d082aa24f35e1b516d23)
Start importing Assets/Ground textures pack/Dry ground/preview.jpg using Guid(4602e8f26b3f5b24d8e4fd1af5e63cfb) Importer(2089858483,0ecaa5967403d082aa24f35e1b516d23) Generated GUIDs only implemented for interfaces!
 -> (artifact id: 'e2c0dd5408709deb4086218fb1651e50') in 0.040789 seconds 
========================================================================
Received Import Request.
  Time since last request: 0.000048 seconds.
  path: Assets/Ground textures pack/Grass 06/preview.jpg
  artifactKey: Guid(923d402301de9714eb824d8234c30919) Importer(2089858483,0ecaa5967403d082aa24f35e1b516d23)
Start importing Assets/Ground textures pack/Grass 06/preview.jpg using Guid(923d402301de9714eb824d8234c30919) Importer(2089858483,0ecaa5967403d082aa24f35e1b516d23) Generated GUIDs only implemented for interfaces!
 -> (artifact id: 'b3bd062cace1a28e8a03b09ff17c6ad0') in 0.029704 seconds 
========================================================================
Received Import Request.
  Time since last request: 0.000025 seconds.
  path: Assets/Fantasy Skybox FREE/Cubemaps/FS002/Images/FS002_Night_Cubemap_back.png
  artifactKey: Guid(f61aef5e13145de47a7f4b800e15a447) Importer(2089858483,0ecaa5967403d082aa24f35e1b516d23)
Start importing Assets/Fantasy Skybox FREE/Cubemaps/FS002/Images/FS002_Night_Cubemap_back.png using Guid(f61aef5e13145de47a7f4b800e15a447) Importer(2089858483,0ecaa5967403d082aa24f35e1b516d23) Generated GUIDs only implemented for interfaces!
 -> (artifact id: 'bc2b6e0284560a72529691fa01a82de1') in 0.033035 seconds 
========================================================================
Received Import Request.
  Time since last request: 0.000050 seconds.
  path: Assets/Fantasy Skybox FREE/Cubemaps/Classic/FS000_Night_02.mat
  artifactKey: Guid(8202c457dff32486ba5ae1f2f548d983) Importer(2089858483,0ecaa5967403d082aa24f35e1b516d23)
Start importing Assets/Fantasy Skybox FREE/Cubemaps/Classic/FS000_Night_02.mat using Guid(8202c457dff32486ba5ae1f2f548d983) Importer(2089858483,0ecaa5967403d082aa24f35e1b516d23) Generated GUIDs only implemented for interfaces!
 -> (artifact id: '8344202e5d770e7d8d58f9a2846155bc') in 0.035610 seconds 
========================================================================
Received Import Request.
  Time since last request: 0.000037 seconds.
  path: Assets/Fantasy Skybox FREE/Cubemaps/Classic/FS000_Day_01.mat
  artifactKey: Guid(12ccb828343c3405fb94289774b51aad) Importer(2089858483,0ecaa5967403d082aa24f35e1b516d23)
Start importing Assets/Fantasy Skybox FREE/Cubemaps/Classic/FS000_Day_01.mat using Guid(12ccb828343c3405fb94289774b51aad) Importer(2089858483,0ecaa5967403d082aa24f35e1b516d23) Generated GUIDs only implemented for interfaces!
 -> (artifact id: '192ab70dc6fbbcc61b8a0914111e792a') in 0.030684 seconds 
========================================================================
Received Import Request.
  Time since last request: 0.000024 seconds.
  path: Assets/Fantasy Skybox FREE/Cubemaps/FS013/Images/FS013_Rainy_Cubemap_down.png
  artifactKey: Guid(3b3d4ff10b5623e4297c319466db5c99) Importer(2089858483,0ecaa5967403d082aa24f35e1b516d23)
Start importing Assets/Fantasy Skybox FREE/Cubemaps/FS013/Images/FS013_Rainy_Cubemap_down.png using Guid(3b3d4ff10b5623e4297c319466db5c99) Importer(2089858483,0ecaa5967403d082aa24f35e1b516d23) Generated GUIDs only implemented for interfaces!
 -> (artifact id: '48e63e779e6efe3cb702d10d7fe2de7f') in 0.030399 seconds 
========================================================================
Received Import Request.
  Time since last request: 0.000059 seconds.
  path: Assets/Fantasy Skybox FREE/Cubemaps/FS002/Images/FS002_Sunset_Cubemap_back.png
  artifactKey: Guid(6dc4d65bb368d574d9270d589e1fbcf5) Importer(2089858483,0ecaa5967403d082aa24f35e1b516d23)
Start importing Assets/Fantasy Skybox FREE/Cubemaps/FS002/Images/FS002_Sunset_Cubemap_back.png using Guid(6dc4d65bb368d574d9270d589e1fbcf5) Importer(2089858483,0ecaa5967403d082aa24f35e1b516d23) Generated GUIDs only implemented for interfaces!
 -> (artifact id: 'be68eea5c13eaa24bffb6750bce21a68') in 0.030399 seconds 
========================================================================
Received Import Request.
  Time since last request: 0.000037 seconds.
  path: Assets/Fantasy Skybox FREE/Cubemaps/FS017/Images/FS017_Sunrise_Cubemap_up.png
  artifactKey: Guid(5f5a9db8167fcea43a8ee471b4a6045d) Importer(2089858483,0ecaa5967403d082aa24f35e1b516d23)
Start importing Assets/Fantasy Skybox FREE/Cubemaps/FS017/Images/FS017_Sunrise_Cubemap_up.png using Guid(5f5a9db8167fcea43a8ee471b4a6045d) Importer(2089858483,0ecaa5967403d082aa24f35e1b516d23) Generated GUIDs only implemented for interfaces!
 -> (artifact id: 'c22fac8f3684261e4bd01ffb64160fac') in 0.031287 seconds 
========================================================================
Received Import Request.
  Time since last request: 0.000028 seconds.
  path: Assets/Fantasy Skybox FREE/Cubemaps/FS013/Images/FS013_Day_Sunless_Cubemap_up.png
  artifactKey: Guid(ef31ee79206084e40a352dee2e02dff4) Importer(2089858483,0ecaa5967403d082aa24f35e1b516d23)
Start importing Assets/Fantasy Skybox FREE/Cubemaps/FS013/Images/FS013_Day_Sunless_Cubemap_up.png using Guid(ef31ee79206084e40a352dee2e02dff4) Importer(2089858483,0ecaa5967403d082aa24f35e1b516d23) Generated GUIDs only implemented for interfaces!
 -> (artifact id: 'f85bc06dbd99e4efd6ce334d138b52ec') in 0.039406 seconds 
========================================================================
Received Import Request.
  Time since last request: 0.000028 seconds.
  path: Assets/Fantasy Skybox FREE/Cubemaps/FS013/Images/FS013_Night_Cubemap_back.png
  artifactKey: Guid(87138e7a891fd3046849f2e76c1206b1) Importer(2089858483,0ecaa5967403d082aa24f35e1b516d23)
Start importing Assets/Fantasy Skybox FREE/Cubemaps/FS013/Images/FS013_Night_Cubemap_back.png using Guid(87138e7a891fd3046849f2e76c1206b1) Importer(2089858483,0ecaa5967403d082aa24f35e1b516d23) Generated GUIDs only implemented for interfaces!
 -> (artifact id: '7255d36cfd6b2ca2d5ff2b5b61cbfe43') in 0.031929 seconds 
========================================================================
Received Import Request.
  Time since last request: 0.000055 seconds.
  path: Assets/_TerrainAutoUpgrade/layer_Road3-1b3407d0e55802f81.terrainlayer
  artifactKey: Guid(4980c621fc0a15c4b84b9f17b0309960) Importer(2089858483,0ecaa5967403d082aa24f35e1b516d23)
Start importing Assets/_TerrainAutoUpgrade/layer_Road3-1b3407d0e55802f81.terrainlayer using Guid(4980c621fc0a15c4b84b9f17b0309960) Importer(2089858483,0ecaa5967403d082aa24f35e1b516d23) Generated GUIDs only implemented for interfaces!
 -> (artifact id: '0837ccfbd8f5760557729d21c71703d7') in 0.033702 seconds 
========================================================================
Received Import Request.
  Time since last request: 0.000042 seconds.
  path: Assets/Fantasy Skybox FREE/Cubemaps/FS003/FS003_Day_Sunless_Cubemap.mat
  artifactKey: Guid(400d8db5104338b428633f2079c1b88e) Importer(2089858483,0ecaa5967403d082aa24f35e1b516d23)
Start importing Assets/Fantasy Skybox FREE/Cubemaps/FS003/FS003_Day_Sunless_Cubemap.mat using Guid(400d8db5104338b428633f2079c1b88e) Importer(2089858483,0ecaa5967403d082aa24f35e1b516d23) Generated GUIDs only implemented for interfaces!
 -> (artifact id: '332a8a55ef0c72fce106a010d7ed2709') in 0.109992 seconds 
========================================================================
Received Import Request.
  Time since last request: 0.000025 seconds.
  path: Assets/Ground textures pack/Ground & rocks 03/preview.jpg
  artifactKey: Guid(451182d55aea8cb4e90af164a14e8bee) Importer(2089858483,0ecaa5967403d082aa24f35e1b516d23)
Start importing Assets/Ground textures pack/Ground & rocks 03/preview.jpg using Guid(451182d55aea8cb4e90af164a14e8bee) Importer(2089858483,0ecaa5967403d082aa24f35e1b516d23) Generated GUIDs only implemented for interfaces!
 -> (artifact id: '7c4a4e0052ed4ced124351d6009f998f') in 0.043926 seconds 
========================================================================
Received Import Request.
  Time since last request: 0.000039 seconds.
  path: Assets/Fantasy Skybox FREE/Cubemaps/FS002/Images/FS002_Night_Cubemap_left.png
  artifactKey: Guid(5f814ef635d916d42a927ac22171b567) Importer(2089858483,0ecaa5967403d082aa24f35e1b516d23)
Start importing Assets/Fantasy Skybox FREE/Cubemaps/FS002/Images/FS002_Night_Cubemap_left.png using Guid(5f814ef635d916d42a927ac22171b567) Importer(2089858483,0ecaa5967403d082aa24f35e1b516d23) Generated GUIDs only implemented for interfaces!
 -> (artifact id: 'efadd38b0516e811471ddb3e33d0eb73') in 0.032715 seconds 
========================================================================
Received Import Request.
  Time since last request: 0.000060 seconds.
  path: Assets/Fantasy Skybox FREE/Cubemaps/FS013/Images/FS013_Rainy_Cubemap_left.png
  artifactKey: Guid(e1484742f0675af4b8d27b842504d109) Importer(2089858483,0ecaa5967403d082aa24f35e1b516d23)
Start importing Assets/Fantasy Skybox FREE/Cubemaps/FS013/Images/FS013_Rainy_Cubemap_left.png using Guid(e1484742f0675af4b8d27b842504d109) Importer(2089858483,0ecaa5967403d082aa24f35e1b516d23) Generated GUIDs only implemented for interfaces!
 -> (artifact id: '3fa43c9c3c4f605957332da246e879cd') in 0.034470 seconds 
========================================================================
Received Import Request.
  Time since last request: 0.000044 seconds.
  path: Assets/Fantasy Skybox FREE/Cubemaps/FS003/Images/FS003_Snowy_Cubemap_down.png
  artifactKey: Guid(53e565877d91dfb40a84754ec90bc448) Importer(2089858483,0ecaa5967403d082aa24f35e1b516d23)
Start importing Assets/Fantasy Skybox FREE/Cubemaps/FS003/Images/FS003_Snowy_Cubemap_down.png using Guid(53e565877d91dfb40a84754ec90bc448) Importer(2089858483,0ecaa5967403d082aa24f35e1b516d23) Generated GUIDs only implemented for interfaces!
 -> (artifact id: 'b9bb32b0dfa8788a0c88f35aec6ceea9') in 0.028907 seconds 
========================================================================
Received Import Request.
  Time since last request: 0.000028 seconds.
  path: Assets/Fantasy Skybox FREE/Cubemaps/FS017/Images/FS017_Night_Cubemap_up.png
  artifactKey: Guid(8f817f454fe4cdc4aabf11e6505cfc23) Importer(2089858483,0ecaa5967403d082aa24f35e1b516d23)
Start importing Assets/Fantasy Skybox FREE/Cubemaps/FS017/Images/FS017_Night_Cubemap_up.png using Guid(8f817f454fe4cdc4aabf11e6505cfc23) Importer(2089858483,0ecaa5967403d082aa24f35e1b516d23) Generated GUIDs only implemented for interfaces!
 -> (artifact id: '15d52e3a00bcd916d620b3c8a7402b26') in 0.032329 seconds 
========================================================================
Received Import Request.
  Time since last request: 0.000021 seconds.
  path: Assets/Fantasy Skybox FREE/Scenes/Demo with terrain/Lightmap-0_comp_light.exr
  artifactKey: Guid(ad84e82e3cb160f4c8b52d5818e9150d) Importer(2089858483,0ecaa5967403d082aa24f35e1b516d23)
Start importing Assets/Fantasy Skybox FREE/Scenes/Demo with terrain/Lightmap-0_comp_light.exr using Guid(ad84e82e3cb160f4c8b52d5818e9150d) Importer(2089858483,0ecaa5967403d082aa24f35e1b516d23) Generated GUIDs only implemented for interfaces!
 -> (artifact id: 'ef9ebe1e736d9f8872c16580cedf6cfd') in 0.047333 seconds 
========================================================================
Received Import Request.
  Time since last request: 0.000037 seconds.
  path: Assets/Fantasy Skybox FREE/Scenes/Texture_Dirt_Normal.png
  artifactKey: Guid(6372a4abc4700ef4aad94d04602e89bf) Importer(2089858483,0ecaa5967403d082aa24f35e1b516d23)
Start importing Assets/Fantasy Skybox FREE/Scenes/Texture_Dirt_Normal.png using Guid(6372a4abc4700ef4aad94d04602e89bf) Importer(2089858483,0ecaa5967403d082aa24f35e1b516d23) Generated GUIDs only implemented for interfaces!
 -> (artifact id: 'e0343adf9f4ce69d8076993610bfea7d') in 0.051822 seconds 
========================================================================
Received Import Request.
  Time since last request: 0.000057 seconds.
  path: Assets/Fantasy Skybox FREE/Cubemaps/FS013/Images/FS013_Night_Cubemap_right.png
  artifactKey: Guid(5cff83268441404428273cf2348b2b88) Importer(2089858483,0ecaa5967403d082aa24f35e1b516d23)
Start importing Assets/Fantasy Skybox FREE/Cubemaps/FS013/Images/FS013_Night_Cubemap_right.png using Guid(5cff83268441404428273cf2348b2b88) Importer(2089858483,0ecaa5967403d082aa24f35e1b516d23) Generated GUIDs only implemented for interfaces!
 -> (artifact id: 'dc406143a4d1f7534c4c34067be46af9') in 0.029766 seconds 
========================================================================
Received Import Request.
  Time since last request: 0.000039 seconds.
  path: Assets/Fantasy Skybox FREE/Panoramics/FS003/FS003_Snowy.png
  artifactKey: Guid(f4d685236ef56ef41a4ddef00508a2c5) Importer(2089858483,0ecaa5967403d082aa24f35e1b516d23)
Start importing Assets/Fantasy Skybox FREE/Panoramics/FS003/FS003_Snowy.png using Guid(f4d685236ef56ef41a4ddef00508a2c5) Importer(2089858483,0ecaa5967403d082aa24f35e1b516d23) Generated GUIDs only implemented for interfaces!
 -> (artifact id: 'cce583187e50b2e9b9076d5acaa79bda') in 0.034597 seconds 
========================================================================
Received Import Request.
  Time since last request: 0.000026 seconds.
  path: Assets/Fantasy Skybox FREE/Cubemaps/Classic/FS000_Night_01.png
  artifactKey: Guid(a64d2362d418d194f91274685fb10faf) Importer(2089858483,0ecaa5967403d082aa24f35e1b516d23)
Start importing Assets/Fantasy Skybox FREE/Cubemaps/Classic/FS000_Night_01.png using Guid(a64d2362d418d194f91274685fb10faf) Importer(2089858483,0ecaa5967403d082aa24f35e1b516d23) Generated GUIDs only implemented for interfaces!
 -> (artifact id: '157a0c03d0dcb54642dfedc7ad414c57') in 0.036133 seconds 
========================================================================
Received Import Request.
  Time since last request: 0.000021 seconds.
  path: Assets/Ground textures pack/Grass 01/normal.tga
  artifactKey: Guid(0c3232df383d7984ab0e87bf7c42aadb) Importer(2089858483,0ecaa5967403d082aa24f35e1b516d23)
Start importing Assets/Ground textures pack/Grass 01/normal.tga using Guid(0c3232df383d7984ab0e87bf7c42aadb) Importer(2089858483,0ecaa5967403d082aa24f35e1b516d23) Generated GUIDs only implemented for interfaces!
 -> (artifact id: 'aeec6f2dc495ac1158de59ac8ee2a667') in 0.037459 seconds 
========================================================================
Received Import Request.
  Time since last request: 0.000054 seconds.
  path: Assets/Fantasy Skybox FREE/Cubemaps/FS002/Images/FS002_Sunset_Cubemap_down.png
  artifactKey: Guid(d1b036af59234c947a220f861faf96d5) Importer(2089858483,0ecaa5967403d082aa24f35e1b516d23)
Start importing Assets/Fantasy Skybox FREE/Cubemaps/FS002/Images/FS002_Sunset_Cubemap_down.png using Guid(d1b036af59234c947a220f861faf96d5) Importer(2089858483,0ecaa5967403d082aa24f35e1b516d23) Generated GUIDs only implemented for interfaces!
 -> (artifact id: 'acf689544dbcacd3e18616b6d6c292d5') in 0.036231 seconds 
========================================================================
Received Import Request.
  Time since last request: 0.000034 seconds.
  path: Assets/_TerrainAutoUpgrade/layer_Grass3-3b3407d0e55802f81.terrainlayer
  artifactKey: Guid(e0b0a7dd0a7787c4b8b4a92e254cec26) Importer(2089858483,0ecaa5967403d082aa24f35e1b516d23)
Start importing Assets/_TerrainAutoUpgrade/layer_Grass3-3b3407d0e55802f81.terrainlayer using Guid(e0b0a7dd0a7787c4b8b4a92e254cec26) Importer(2089858483,0ecaa5967403d082aa24f35e1b516d23) Generated GUIDs only implemented for interfaces!
 -> (artifact id: '65bc98e7b7d7066ec253db8edcc91a5a') in 0.023312 seconds 
========================================================================
Received Import Request.
  Time since last request: 0.000041 seconds.
  path: Assets/Fantasy Skybox FREE/Cubemaps/FS002/Images/FS002_Rainy_Cubemap_front.png
  artifactKey: Guid(bfbb5e11b6214524e9917d9177cecd36) Importer(2089858483,0ecaa5967403d082aa24f35e1b516d23)
Start importing Assets/Fantasy Skybox FREE/Cubemaps/FS002/Images/FS002_Rainy_Cubemap_front.png using Guid(bfbb5e11b6214524e9917d9177cecd36) Importer(2089858483,0ecaa5967403d082aa24f35e1b516d23) Generated GUIDs only implemented for interfaces!
 -> (artifact id: '88dce78d0c72ca74c240a14f72298677') in 0.030612 seconds 
========================================================================
Received Import Request.
  Time since last request: 0.000037 seconds.
  path: Assets/Fantasy Skybox FREE/Cubemaps/FS017/Images/FS017_Snowy_Cubemap.cubemap
  artifactKey: Guid(ba528736eb291aa4d9c9430b2db9788f) Importer(2089858483,0ecaa5967403d082aa24f35e1b516d23)
Start importing Assets/Fantasy Skybox FREE/Cubemaps/FS017/Images/FS017_Snowy_Cubemap.cubemap using Guid(ba528736eb291aa4d9c9430b2db9788f) Importer(2089858483,0ecaa5967403d082aa24f35e1b516d23) Generated GUIDs only implemented for interfaces!
 -> (artifact id: '823d6191d97c976a9ee9d99bc1df96b9') in 0.318478 seconds 
========================================================================
Received Import Request.
  Time since last request: 0.000049 seconds.
  path: Assets/Fantasy Skybox FREE/Cubemaps/FS017/Images
  artifactKey: Guid(48e3f898bc24b5d478085512959c6a2f) Importer(2089858483,0ecaa5967403d082aa24f35e1b516d23)
Start importing Assets/Fantasy Skybox FREE/Cubemaps/FS017/Images using Guid(48e3f898bc24b5d478085512959c6a2f) Importer(2089858483,0ecaa5967403d082aa24f35e1b516d23) Generated GUIDs only implemented for interfaces!
 -> (artifact id: '425b869c864853997af6326a568f7893') in 0.014289 seconds 
========================================================================
Received Import Request.
  Time since last request: 0.000026 seconds.
  path: Assets/Fantasy Skybox FREE/Cubemaps/FS017/Images/FS017_Day_Sunless_Cubemap_up.png
  artifactKey: Guid(8526f619a1771a348a4c03f7fcdcf532) Importer(2089858483,0ecaa5967403d082aa24f35e1b516d23)
Start importing Assets/Fantasy Skybox FREE/Cubemaps/FS017/Images/FS017_Day_Sunless_Cubemap_up.png using Guid(8526f619a1771a348a4c03f7fcdcf532) Importer(2089858483,0ecaa5967403d082aa24f35e1b516d23) Generated GUIDs only implemented for interfaces!
 -> (artifact id: '5dba9c0447366a94e3c57040db1cf392') in 0.036777 seconds 
========================================================================
Received Import Request.
  Time since last request: 0.000023 seconds.
  path: Assets/Fantasy Skybox FREE/Cubemaps/FS003/Images/FS003_Sunrise_Cubemap_up.png
  artifactKey: Guid(a57336ddba2109247a7fed12c7449da0) Importer(2089858483,0ecaa5967403d082aa24f35e1b516d23)
Start importing Assets/Fantasy Skybox FREE/Cubemaps/FS003/Images/FS003_Sunrise_Cubemap_up.png using Guid(a57336ddba2109247a7fed12c7449da0) Importer(2089858483,0ecaa5967403d082aa24f35e1b516d23) Generated GUIDs only implemented for interfaces!
 -> (artifact id: '0b09ccbc20f6c3dc549fbc513bba00be') in 0.032251 seconds 
========================================================================
Received Import Request.
  Time since last request: 0.000035 seconds.
  path: Assets/Fantasy Skybox FREE/Cubemaps/FS013/Images/FS013_Day_Sunless_Cubemap_down.png
  artifactKey: Guid(864946e2b515a414080fee401eca2422) Importer(2089858483,0ecaa5967403d082aa24f35e1b516d23)
Start importing Assets/Fantasy Skybox FREE/Cubemaps/FS013/Images/FS013_Day_Sunless_Cubemap_down.png using Guid(864946e2b515a414080fee401eca2422) Importer(2089858483,0ecaa5967403d082aa24f35e1b516d23) Generated GUIDs only implemented for interfaces!
 -> (artifact id: 'bb7d85f972d712e98aa95caf328cc486') in 0.023906 seconds 
========================================================================
Received Import Request.
  Time since last request: 0.000026 seconds.
  path: Assets/Fantasy Skybox FREE/Panoramics/FS003/FS003_Night.mat
  artifactKey: Guid(80fa4f34db87aad4d93c45188b19bfd6) Importer(2089858483,0ecaa5967403d082aa24f35e1b516d23)
Start importing Assets/Fantasy Skybox FREE/Panoramics/FS003/FS003_Night.mat using Guid(80fa4f34db87aad4d93c45188b19bfd6) Importer(2089858483,0ecaa5967403d082aa24f35e1b516d23) Generated GUIDs only implemented for interfaces!
 -> (artifact id: '0e0f911ea38d7b665fbecb9bc0d0eff3') in 0.038053 seconds 
========================================================================
Received Import Request.
  Time since last request: 0.000033 seconds.
  path: Assets/Fantasy Skybox FREE/Cubemaps/FS003/Images/FS003_Sunrise_Cubemap_left.png
  artifactKey: Guid(fe6393c04bf937a4aad6c22ba34b3c7d) Importer(2089858483,0ecaa5967403d082aa24f35e1b516d23)
Start importing Assets/Fantasy Skybox FREE/Cubemaps/FS003/Images/FS003_Sunrise_Cubemap_left.png using Guid(fe6393c04bf937a4aad6c22ba34b3c7d) Importer(2089858483,0ecaa5967403d082aa24f35e1b516d23) Generated GUIDs only implemented for interfaces!
 -> (artifact id: 'f41ea265fbc8cd971c6be6c9fb66b376') in 0.041242 seconds 
========================================================================
Received Import Request.
  Time since last request: 0.000031 seconds.
  path: Assets/Fantasy Skybox FREE/Cubemaps/FS013/Images/FS013_Sunset_Cubemap_right.png
  artifactKey: Guid(40d365d66a63515439e6c2400cfb612b) Importer(2089858483,0ecaa5967403d082aa24f35e1b516d23)
Start importing Assets/Fantasy Skybox FREE/Cubemaps/FS013/Images/FS013_Sunset_Cubemap_right.png using Guid(40d365d66a63515439e6c2400cfb612b) Importer(2089858483,0ecaa5967403d082aa24f35e1b516d23) Generated GUIDs only implemented for interfaces!
 -> (artifact id: '63c2205e9618bf2099ae96610e7a93d8') in 0.040505 seconds 
========================================================================
Received Import Request.
  Time since last request: 0.000056 seconds.
  path: Assets/Fantasy Skybox FREE/Panoramics/FS003/FS003_Rainy.mat
  artifactKey: Guid(e0a21ebc98cee4e46bbae873ec0be703) Importer(2089858483,0ecaa5967403d082aa24f35e1b516d23)
Start importing Assets/Fantasy Skybox FREE/Panoramics/FS003/FS003_Rainy.mat using Guid(e0a21ebc98cee4e46bbae873ec0be703) Importer(2089858483,0ecaa5967403d082aa24f35e1b516d23) Generated GUIDs only implemented for interfaces!
 -> (artifact id: '759b92d79c064943077ed06903d82005') in 0.034008 seconds 
========================================================================
Received Import Request.
  Time since last request: 0.000049 seconds.
  path: Assets/Fantasy Skybox FREE/Cubemaps/FS017/Images/FS017_Rainy_Cubemap_right.png
  artifactKey: Guid(e4051bfa471d28d49bcbdd95f4265a75) Importer(2089858483,0ecaa5967403d082aa24f35e1b516d23)
Start importing Assets/Fantasy Skybox FREE/Cubemaps/FS017/Images/FS017_Rainy_Cubemap_right.png using Guid(e4051bfa471d28d49bcbdd95f4265a75) Importer(2089858483,0ecaa5967403d082aa24f35e1b516d23) Generated GUIDs only implemented for interfaces!
 -> (artifact id: '9638389ea24e126992537cfae3eb531d') in 0.032456 seconds 
========================================================================
Received Import Request.
  Time since last request: 0.000032 seconds.
  path: Assets/Fantasy Skybox FREE/Cubemaps/FS003/Images/FS003_Rainy_Cubemap_left.png
  artifactKey: Guid(f1a53ac3fabab2443aa74074f37a0650) Importer(2089858483,0ecaa5967403d082aa24f35e1b516d23)
Start importing Assets/Fantasy Skybox FREE/Cubemaps/FS003/Images/FS003_Rainy_Cubemap_left.png using Guid(f1a53ac3fabab2443aa74074f37a0650) Importer(2089858483,0ecaa5967403d082aa24f35e1b516d23) Generated GUIDs only implemented for interfaces!
 -> (artifact id: 'a06f35ebe42c436122e58f8729865d6f') in 0.029410 seconds 
========================================================================
Received Import Request.
  Time since last request: 0.000039 seconds.
  path: Assets/Fantasy Skybox FREE/Panoramics/FS002/FS002_Sunset.mat
  artifactKey: Guid(44d0573bf6d91e447b62f3aff840f2ae) Importer(2089858483,0ecaa5967403d082aa24f35e1b516d23)
Start importing Assets/Fantasy Skybox FREE/Panoramics/FS002/FS002_Sunset.mat using Guid(44d0573bf6d91e447b62f3aff840f2ae) Importer(2089858483,0ecaa5967403d082aa24f35e1b516d23) Generated GUIDs only implemented for interfaces!
 -> (artifact id: 'b7b1a143db66b05d5c12cb93aa53e4c1') in 0.024085 seconds 
========================================================================
Received Import Request.
  Time since last request: 0.000027 seconds.
  path: Assets/Fantasy Skybox FREE/Cubemaps/FS013/Images/FS013_Sunset_Cubemap_left.png
  artifactKey: Guid(570bacd9142b6b141acac13053c78cab) Importer(2089858483,0ecaa5967403d082aa24f35e1b516d23)
Start importing Assets/Fantasy Skybox FREE/Cubemaps/FS013/Images/FS013_Sunset_Cubemap_left.png using Guid(570bacd9142b6b141acac13053c78cab) Importer(2089858483,0ecaa5967403d082aa24f35e1b516d23) Generated GUIDs only implemented for interfaces!
 -> (artifact id: 'b1e83a574f877afd63b5821a5f8d519c') in 0.039248 seconds 
========================================================================
Received Import Request.
  Time since last request: 0.000028 seconds.
  path: Assets/Fantasy Skybox FREE/Panoramics/FS003/FS003_Rainy.png
  artifactKey: Guid(ad211dc5ae928ef40b568736df2f62b0) Importer(2089858483,0ecaa5967403d082aa24f35e1b516d23)
Start importing Assets/Fantasy Skybox FREE/Panoramics/FS003/FS003_Rainy.png using Guid(ad211dc5ae928ef40b568736df2f62b0) Importer(2089858483,0ecaa5967403d082aa24f35e1b516d23) Generated GUIDs only implemented for interfaces!
 -> (artifact id: '7b672d6b7342da77f3b83908fca71811') in 0.023453 seconds 
========================================================================
Received Import Request.
  Time since last request: 0.000032 seconds.
  path: Assets/Fantasy Skybox FREE/Cubemaps/FS017/Images/FS017_Sunset_Cubemap_back.png
  artifactKey: Guid(2137885ed498f1145a295dafd6771f20) Importer(2089858483,0ecaa5967403d082aa24f35e1b516d23)
Start importing Assets/Fantasy Skybox FREE/Cubemaps/FS017/Images/FS017_Sunset_Cubemap_back.png using Guid(2137885ed498f1145a295dafd6771f20) Importer(2089858483,0ecaa5967403d082aa24f35e1b516d23) Generated GUIDs only implemented for interfaces!
 -> (artifact id: 'bd2cf35bf0e1a081e701b716cebe0fae') in 0.028977 seconds 
========================================================================
Received Import Request.
  Time since last request: 0.000035 seconds.
  path: Assets/Fantasy Skybox FREE/Cubemaps/FS002/Images/FS002_Snowy_Cubemap_back.png
  artifactKey: Guid(5875b46e70f9195419867415f77eef23) Importer(2089858483,0ecaa5967403d082aa24f35e1b516d23)
Start importing Assets/Fantasy Skybox FREE/Cubemaps/FS002/Images/FS002_Snowy_Cubemap_back.png using Guid(5875b46e70f9195419867415f77eef23) Importer(2089858483,0ecaa5967403d082aa24f35e1b516d23) Generated GUIDs only implemented for interfaces!
 -> (artifact id: '17bf908bee2209a49ab1b12708b8ee82') in 0.031103 seconds 
========================================================================
Received Import Request.
  Time since last request: 0.000026 seconds.
  path: Assets/Fantasy Skybox FREE/Cubemaps/Classic/FS000_Night_03.png
  artifactKey: Guid(df8d1504e61fa6046bbb3b99bf96da1a) Importer(2089858483,0ecaa5967403d082aa24f35e1b516d23)
Start importing Assets/Fantasy Skybox FREE/Cubemaps/Classic/FS000_Night_03.png using Guid(df8d1504e61fa6046bbb3b99bf96da1a) Importer(2089858483,0ecaa5967403d082aa24f35e1b516d23) Generated GUIDs only implemented for interfaces!
 -> (artifact id: '75f8150891e513b365f059737bbb9c46') in 0.033485 seconds 
========================================================================
Received Import Request.
  Time since last request: 0.000024 seconds.
  path: Assets/Fantasy Skybox FREE/Cubemaps/FS017/Images/FS017_Day_Cubemap_back.png
  artifactKey: Guid(9efdf258ab793c74a93866e6f9f3852d) Importer(2089858483,0ecaa5967403d082aa24f35e1b516d23)
Start importing Assets/Fantasy Skybox FREE/Cubemaps/FS017/Images/FS017_Day_Cubemap_back.png using Guid(9efdf258ab793c74a93866e6f9f3852d) Importer(2089858483,0ecaa5967403d082aa24f35e1b516d23) Generated GUIDs only implemented for interfaces!
 -> (artifact id: 'd3a34abb8f82e9c4ee6e7afe34f3a8d6') in 0.034620 seconds 
========================================================================
Received Import Request.
  Time since last request: 0.000028 seconds.
  path: Assets/Fantasy Skybox FREE/Cubemaps/FS017/Images/FS017_Rainy_Cubemap_back.png
  artifactKey: Guid(4676adb9ddb10894aa1ab60ff29414f5) Importer(2089858483,0ecaa5967403d082aa24f35e1b516d23)
Start importing Assets/Fantasy Skybox FREE/Cubemaps/FS017/Images/FS017_Rainy_Cubemap_back.png using Guid(4676adb9ddb10894aa1ab60ff29414f5) Importer(2089858483,0ecaa5967403d082aa24f35e1b516d23) Generated GUIDs only implemented for interfaces!
 -> (artifact id: '92a7db8ceacce907839dfe47933211d9') in 0.042800 seconds 
========================================================================
Received Import Request.
  Time since last request: 0.000037 seconds.
  path: Assets/Fantasy Skybox FREE/Panoramics/FS017
  artifactKey: Guid(9ae9a043594a6d741a2956119b230b43) Importer(2089858483,0ecaa5967403d082aa24f35e1b516d23)
Start importing Assets/Fantasy Skybox FREE/Panoramics/FS017 using Guid(9ae9a043594a6d741a2956119b230b43) Importer(2089858483,0ecaa5967403d082aa24f35e1b516d23) Generated GUIDs only implemented for interfaces!
 -> (artifact id: '933edb09ee8c1dc48732cec64358ce00') in 0.021417 seconds 
========================================================================
Received Import Request.
  Time since last request: 0.000045 seconds.
  path: Assets/Fantasy Skybox FREE/Cubemaps/FS002/Images/FS002_Night_Moonless_Cubemap_up.png
  artifactKey: Guid(11eaa9f4f73aeb248921dd15ce537f5c) Importer(2089858483,0ecaa5967403d082aa24f35e1b516d23)
Start importing Assets/Fantasy Skybox FREE/Cubemaps/FS002/Images/FS002_Night_Moonless_Cubemap_up.png using Guid(11eaa9f4f73aeb248921dd15ce537f5c) Importer(2089858483,0ecaa5967403d082aa24f35e1b516d23) Generated GUIDs only implemented for interfaces!
 -> (artifact id: '211f177951f3c93dfc71963583bdd1ff') in 0.039389 seconds 
========================================================================
Received Import Request.
  Time since last request: 0.000041 seconds.
  path: Assets/Fantasy Skybox FREE/Cubemaps/FS013/Images/FS013_Rainy_Cubemap_right.png
  artifactKey: Guid(bc317a9e5d9738e4baa80940350d89a4) Importer(2089858483,0ecaa5967403d082aa24f35e1b516d23)
Start importing Assets/Fantasy Skybox FREE/Cubemaps/FS013/Images/FS013_Rainy_Cubemap_right.png using Guid(bc317a9e5d9738e4baa80940350d89a4) Importer(2089858483,0ecaa5967403d082aa24f35e1b516d23) Generated GUIDs only implemented for interfaces!
 -> (artifact id: '614eacb7cf4ee3bc881068bb5670e366') in 0.032127 seconds 
========================================================================
Received Import Request.
  Time since last request: 0.000033 seconds.
  path: Assets/Fantasy Skybox FREE/Cubemaps/FS002/Images/FS002_Night_Moonless_Cubemap_left.png
  artifactKey: Guid(8d15536d3f1f2a3489020ddb892aa2cd) Importer(2089858483,0ecaa5967403d082aa24f35e1b516d23)
Start importing Assets/Fantasy Skybox FREE/Cubemaps/FS002/Images/FS002_Night_Moonless_Cubemap_left.png using Guid(8d15536d3f1f2a3489020ddb892aa2cd) Importer(2089858483,0ecaa5967403d082aa24f35e1b516d23) Generated GUIDs only implemented for interfaces!
 -> (artifact id: 'ae9b9bb90d0ceea0bc4e4c6745362f2f') in 0.031454 seconds 
========================================================================
Received Import Request.
  Time since last request: 0.000037 seconds.
  path: Assets/Fantasy Skybox FREE/Cubemaps/FS013/FS013_Rainy_Cubemap.mat
  artifactKey: Guid(d1894fa42f07f3a4c928395a7b849410) Importer(2089858483,0ecaa5967403d082aa24f35e1b516d23)
Start importing Assets/Fantasy Skybox FREE/Cubemaps/FS013/FS013_Rainy_Cubemap.mat using Guid(d1894fa42f07f3a4c928395a7b849410) Importer(2089858483,0ecaa5967403d082aa24f35e1b516d23) Generated GUIDs only implemented for interfaces!
 -> (artifact id: '0ac552a3df454c2d791ee924884032cf') in 0.044264 seconds 
========================================================================
Received Import Request.
  Time since last request: 0.000044 seconds.
  path: Assets/Fantasy Skybox FREE/Cubemaps/FS002/Images/FS002_Snowy_Cubemap_up.png
  artifactKey: Guid(d8939e90d83381342b380f950e2728fa) Importer(2089858483,0ecaa5967403d082aa24f35e1b516d23)
Start importing Assets/Fantasy Skybox FREE/Cubemaps/FS002/Images/FS002_Snowy_Cubemap_up.png using Guid(d8939e90d83381342b380f950e2728fa) Importer(2089858483,0ecaa5967403d082aa24f35e1b516d23) Generated GUIDs only implemented for interfaces!
 -> (artifact id: '4dfb6332740f5fdd2e518c05ac0cf9f6') in 0.033183 seconds 
========================================================================
Received Import Request.
  Time since last request: 0.000034 seconds.
  path: Assets/Fantasy Skybox FREE/Scenes/Demo with terrain/Lightmap-0_comp_dir.png
  artifactKey: Guid(c7ea5ea2a4fb47b419c0eba8ac36b9aa) Importer(2089858483,0ecaa5967403d082aa24f35e1b516d23)
Start importing Assets/Fantasy Skybox FREE/Scenes/Demo with terrain/Lightmap-0_comp_dir.png using Guid(c7ea5ea2a4fb47b419c0eba8ac36b9aa) Importer(2089858483,0ecaa5967403d082aa24f35e1b516d23) Generated GUIDs only implemented for interfaces!
 -> (artifact id: '264956fffc4e3b8b5c99fb2e0fb1f346') in 0.038219 seconds 
========================================================================
Received Import Request.
  Time since last request: 0.000055 seconds.
  path: Assets/Fantasy Skybox FREE/Cubemaps/Classic/FS000_Day_03.png
  artifactKey: Guid(24941804827e1524eb70477f7f68a111) Importer(2089858483,0ecaa5967403d082aa24f35e1b516d23)
Start importing Assets/Fantasy Skybox FREE/Cubemaps/Classic/FS000_Day_03.png using Guid(24941804827e1524eb70477f7f68a111) Importer(2089858483,0ecaa5967403d082aa24f35e1b516d23) Generated GUIDs only implemented for interfaces!
 -> (artifact id: '56c8d4616d83136122674b7def3009f8') in 0.029876 seconds 
========================================================================
Received Import Request.
  Time since last request: 0.000052 seconds.
  path: Assets/Fantasy Skybox FREE/Cubemaps/FS017/FS017_Rainy_Cubemap.mat
  artifactKey: Guid(be04847ecd3774d468b7a7fffb971b9c) Importer(2089858483,0ecaa5967403d082aa24f35e1b516d23)
Start importing Assets/Fantasy Skybox FREE/Cubemaps/FS017/FS017_Rainy_Cubemap.mat using Guid(be04847ecd3774d468b7a7fffb971b9c) Importer(2089858483,0ecaa5967403d082aa24f35e1b516d23) Generated GUIDs only implemented for interfaces!
 -> (artifact id: '2ff7d512e39e988a3cf0029d6b4fee62') in 0.057511 seconds 
========================================================================
Received Import Request.
  Time since last request: 0.000037 seconds.
  path: Assets/Fantasy Skybox FREE/Cubemaps/FS002/Images/FS002_Day_Cubemap_right.png
  artifactKey: Guid(80c88082f8ee85e43906e07025f0b0ca) Importer(2089858483,0ecaa5967403d082aa24f35e1b516d23)
Start importing Assets/Fantasy Skybox FREE/Cubemaps/FS002/Images/FS002_Day_Cubemap_right.png using Guid(80c88082f8ee85e43906e07025f0b0ca) Importer(2089858483,0ecaa5967403d082aa24f35e1b516d23) Generated GUIDs only implemented for interfaces!
 -> (artifact id: 'a169c2e1749fb5d0ca9304b454466d4e') in 0.031941 seconds 
========================================================================
Received Import Request.
  Time since last request: 0.000037 seconds.
  path: Assets/Fantasy Skybox FREE/Scenes/Demo with terrain/ReflectionProbe-0.exr
  artifactKey: Guid(3fe0763a27d4f644b9d49b9a37756022) Importer(2089858483,0ecaa5967403d082aa24f35e1b516d23)
Start importing Assets/Fantasy Skybox FREE/Scenes/Demo with terrain/ReflectionProbe-0.exr using Guid(3fe0763a27d4f644b9d49b9a37756022) Importer(2089858483,0ecaa5967403d082aa24f35e1b516d23) Generated GUIDs only implemented for interfaces!
 -> (artifact id: 'c6cd6a989d3b9517a24d2f613b353cdd') in 0.149811 seconds 
========================================================================
Received Import Request.
  Time since last request: 0.000037 seconds.
  path: Assets/Fantasy Skybox FREE/Cubemaps/FS013/Images/FS013_Sunrise_Cubemap.cubemap
  artifactKey: Guid(c41e0db1e4f41b64e9c1540660bc9036) Importer(2089858483,0ecaa5967403d082aa24f35e1b516d23)
Start importing Assets/Fantasy Skybox FREE/Cubemaps/FS013/Images/FS013_Sunrise_Cubemap.cubemap using Guid(c41e0db1e4f41b64e9c1540660bc9036) Importer(2089858483,0ecaa5967403d082aa24f35e1b516d23) Generated GUIDs only implemented for interfaces!
 -> (artifact id: '5e78e13a5b9055f15fe770862f64b574') in 0.324194 seconds 
========================================================================
Received Import Request.
  Time since last request: 0.000055 seconds.
  path: Assets/Fantasy Skybox FREE/Scenes
  artifactKey: Guid(9d20d945c0685494ba906e939e1dd86f) Importer(2089858483,0ecaa5967403d082aa24f35e1b516d23)
Start importing Assets/Fantasy Skybox FREE/Scenes using Guid(9d20d945c0685494ba906e939e1dd86f) Importer(2089858483,0ecaa5967403d082aa24f35e1b516d23) Generated GUIDs only implemented for interfaces!
 -> (artifact id: 'c694d4d7f1d178452b9eab916a8d2ecc') in 0.018370 seconds 
========================================================================
Received Import Request.
  Time since last request: 0.000024 seconds.
  path: Assets/Fantasy Skybox FREE/Cubemaps/FS002/Images/FS002_Sunrise_Cubemap.cubemap
  artifactKey: Guid(a068c526daeca0c4ea9bdbec9a251bd6) Importer(2089858483,0ecaa5967403d082aa24f35e1b516d23)
Start importing Assets/Fantasy Skybox FREE/Cubemaps/FS002/Images/FS002_Sunrise_Cubemap.cubemap using Guid(a068c526daeca0c4ea9bdbec9a251bd6) Importer(2089858483,0ecaa5967403d082aa24f35e1b516d23) Generated GUIDs only implemented for interfaces!
 -> (artifact id: '76064654e3b8e6653632e7b659cc76d7') in 0.265854 seconds 
========================================================================
Received Import Request.
  Time since last request: 0.000056 seconds.
  path: Assets/Fantasy Skybox FREE/Cubemaps/FS017/FS017_Sunset_Cubemap.mat
  artifactKey: Guid(9153b2dbef5d0b0428e60c092d1b4a12) Importer(2089858483,0ecaa5967403d082aa24f35e1b516d23)
Start importing Assets/Fantasy Skybox FREE/Cubemaps/FS017/FS017_Sunset_Cubemap.mat using Guid(9153b2dbef5d0b0428e60c092d1b4a12) Importer(2089858483,0ecaa5967403d082aa24f35e1b516d23) Generated GUIDs only implemented for interfaces!
 -> (artifact id: 'b4034c441aaaa4706c6a542cd5e70467') in 0.043528 seconds 
========================================================================
Received Import Request.
  Time since last request: 0.000056 seconds.
  path: Assets/Fantasy Skybox FREE/Cubemaps/FS017/Images/FS017_Sunrise_Cubemap_back.png
  artifactKey: Guid(67bdf894ef942e54dbb7517bf80d7eda) Importer(2089858483,0ecaa5967403d082aa24f35e1b516d23)
Start importing Assets/Fantasy Skybox FREE/Cubemaps/FS017/Images/FS017_Sunrise_Cubemap_back.png using Guid(67bdf894ef942e54dbb7517bf80d7eda) Importer(2089858483,0ecaa5967403d082aa24f35e1b516d23) Generated GUIDs only implemented for interfaces!
 -> (artifact id: 'b30322626aedbd3b42d9376acb889622') in 0.027854 seconds 
========================================================================
Received Import Request.
  Time since last request: 0.000020 seconds.
  path: Assets/Fantasy Skybox FREE/Cubemaps/FS013/Images/FS013_Day_Sunless_Cubemap_back.png
  artifactKey: Guid(95fdc0a55d9b26a4c91f378509734c05) Importer(2089858483,0ecaa5967403d082aa24f35e1b516d23)
Start importing Assets/Fantasy Skybox FREE/Cubemaps/FS013/Images/FS013_Day_Sunless_Cubemap_back.png using Guid(95fdc0a55d9b26a4c91f378509734c05) Importer(2089858483,0ecaa5967403d082aa24f35e1b516d23) Generated GUIDs only implemented for interfaces!
 -> (artifact id: 'bba75f187b98c28e2321f54c1a1059c1') in 0.022239 seconds 
========================================================================
Received Import Request.
  Time since last request: 0.000019 seconds.
  path: Assets/Fantasy Skybox FREE/Panoramics/FS002/FS002_Snowy.mat
  artifactKey: Guid(7b0f2096b49ccfb4f8b47c8084d650fa) Importer(2089858483,0ecaa5967403d082aa24f35e1b516d23)
Start importing Assets/Fantasy Skybox FREE/Panoramics/FS002/FS002_Snowy.mat using Guid(7b0f2096b49ccfb4f8b47c8084d650fa) Importer(2089858483,0ecaa5967403d082aa24f35e1b516d23) Generated GUIDs only implemented for interfaces!
 -> (artifact id: '055883ca4cd1e9796b2d95c7547f20cf') in 0.018800 seconds 
========================================================================
Received Import Request.
  Time since last request: 0.000022 seconds.
  path: Assets/Fantasy Skybox FREE/Cubemaps/FS013/Images/FS013_Day_Sunless_Cubemap_left.png
  artifactKey: Guid(8f6c6678540f8c0498eae4a26065b1f6) Importer(2089858483,0ecaa5967403d082aa24f35e1b516d23)
Start importing Assets/Fantasy Skybox FREE/Cubemaps/FS013/Images/FS013_Day_Sunless_Cubemap_left.png using Guid(8f6c6678540f8c0498eae4a26065b1f6) Importer(2089858483,0ecaa5967403d082aa24f35e1b516d23) Generated GUIDs only implemented for interfaces!
 -> (artifact id: '9e3de710f6c39fd2b8e0e47ee05ac5fc') in 0.024229 seconds 
========================================================================
Received Import Request.
  Time since last request: 0.000035 seconds.
  path: Assets/Fantasy Skybox FREE/Cubemaps/FS003/Images/FS003_Night_Moonless_Cubemap_front.png
  artifactKey: Guid(c5bc5ddeff88f984182b140843037d43) Importer(2089858483,0ecaa5967403d082aa24f35e1b516d23)
Start importing Assets/Fantasy Skybox FREE/Cubemaps/FS003/Images/FS003_Night_Moonless_Cubemap_front.png using Guid(c5bc5ddeff88f984182b140843037d43) Importer(2089858483,0ecaa5967403d082aa24f35e1b516d23) Generated GUIDs only implemented for interfaces!
 -> (artifact id: 'fe487c6404cfb25ef45bdf6852131704') in 0.039749 seconds 
========================================================================
Received Import Request.
  Time since last request: 0.000032 seconds.
  path: Assets/Fantasy Skybox FREE/Panoramics/FS017/FS017_Sunset.png
  artifactKey: Guid(89878140665978f4f9f27f55a61fb12d) Importer(2089858483,0ecaa5967403d082aa24f35e1b516d23)
Start importing Assets/Fantasy Skybox FREE/Panoramics/FS017/FS017_Sunset.png using Guid(89878140665978f4f9f27f55a61fb12d) Importer(2089858483,0ecaa5967403d082aa24f35e1b516d23) Generated GUIDs only implemented for interfaces!
 -> (artifact id: 'f6ffebf2eee7121aa7ecc3fb0117e76f') in 0.033033 seconds 
========================================================================
Received Import Request.
  Time since last request: 0.000023 seconds.
  path: Assets/Fantasy Skybox FREE/Cubemaps/FS003/Images/FS003_Night_Moonless_Cubemap_right.png
  artifactKey: Guid(e909efe79f40123499bc4c0710242136) Importer(2089858483,0ecaa5967403d082aa24f35e1b516d23)
Start importing Assets/Fantasy Skybox FREE/Cubemaps/FS003/Images/FS003_Night_Moonless_Cubemap_right.png using Guid(e909efe79f40123499bc4c0710242136) Importer(2089858483,0ecaa5967403d082aa24f35e1b516d23) Generated GUIDs only implemented for interfaces!
 -> (artifact id: 'a1bdf62b2b6df785ac36dffc566686f6') in 0.025155 seconds 
========================================================================
Received Import Request.
  Time since last request: 0.000026 seconds.
  path: Assets/Fantasy Skybox FREE/Cubemaps/FS003/Images/FS003_Sunset_Cubemap.cubemap
  artifactKey: Guid(0698dbe339272fb429c6722ca4423bea) Importer(2089858483,0ecaa5967403d082aa24f35e1b516d23)
Start importing Assets/Fantasy Skybox FREE/Cubemaps/FS003/Images/FS003_Sunset_Cubemap.cubemap using Guid(0698dbe339272fb429c6722ca4423bea) Importer(2089858483,0ecaa5967403d082aa24f35e1b516d23) Generated GUIDs only implemented for interfaces!
 -> (artifact id: '641626965aa17ae760c6c531bdb2d3ff') in 0.276565 seconds 
========================================================================
Received Import Request.
  Time since last request: 0.000033 seconds.
  path: Assets/Fantasy Skybox FREE/Scenes/Brush_Flower.png
  artifactKey: Guid(0d383f0cd0395064eb4b64619b2840f3) Importer(2089858483,0ecaa5967403d082aa24f35e1b516d23)
Start importing Assets/Fantasy Skybox FREE/Scenes/Brush_Flower.png using Guid(0d383f0cd0395064eb4b64619b2840f3) Importer(2089858483,0ecaa5967403d082aa24f35e1b516d23) Generated GUIDs only implemented for interfaces!
 -> (artifact id: 'f7df2127e5bd4250a2f61a69709f5bc0') in 0.025473 seconds 
========================================================================
Received Import Request.
  Time since last request: 0.000027 seconds.
  path: Assets/Fantasy Skybox FREE/Cubemaps/Classic/FS000_Day_04_Sunless.png
  artifactKey: Guid(0e981c5218a661d479182696be5f084f) Importer(2089858483,0ecaa5967403d082aa24f35e1b516d23)
Start importing Assets/Fantasy Skybox FREE/Cubemaps/Classic/FS000_Day_04_Sunless.png using Guid(0e981c5218a661d479182696be5f084f) Importer(2089858483,0ecaa5967403d082aa24f35e1b516d23) Generated GUIDs only implemented for interfaces!
 -> (artifact id: 'a1c7cdd860f60d17e9887a68d88ee881') in 0.024195 seconds 
========================================================================
Received Import Request.
  Time since last request: 0.000019 seconds.
  path: Assets/Fantasy Skybox FREE/Cubemaps/FS017/Images/FS017_Sunrise_Cubemap_right.png
  artifactKey: Guid(30a536d4e8ace7f48af4f6b10160d04b) Importer(2089858483,0ecaa5967403d082aa24f35e1b516d23)
Start importing Assets/Fantasy Skybox FREE/Cubemaps/FS017/Images/FS017_Sunrise_Cubemap_right.png using Guid(30a536d4e8ace7f48af4f6b10160d04b) Importer(2089858483,0ecaa5967403d082aa24f35e1b516d23) Generated GUIDs only implemented for interfaces!
 -> (artifact id: '42a0679132233d7cdc7fb970f6ca09be') in 0.016965 seconds 
========================================================================
Received Import Request.
  Time since last request: 0.000026 seconds.
  path: Assets/Fantasy Skybox FREE/Cubemaps/FS013/Images/FS013_Night_Moonless_Cubemap_left.png
  artifactKey: Guid(34bbb14e132afdf4490caf801157541c) Importer(2089858483,0ecaa5967403d082aa24f35e1b516d23)
Start importing Assets/Fantasy Skybox FREE/Cubemaps/FS013/Images/FS013_Night_Moonless_Cubemap_left.png using Guid(34bbb14e132afdf4490caf801157541c) Importer(2089858483,0ecaa5967403d082aa24f35e1b516d23) Generated GUIDs only implemented for interfaces!
 -> (artifact id: '130ba8273122ec3cb45168dcd370cf6b') in 0.019519 seconds 
========================================================================
Received Import Request.
  Time since last request: 0.000020 seconds.
  path: Assets/Fantasy Skybox FREE/Scenes/Brush_Grass_02.png
  artifactKey: Guid(5d4b367f0702b4b46a16ba3b67281419) Importer(2089858483,0ecaa5967403d082aa24f35e1b516d23)
Start importing Assets/Fantasy Skybox FREE/Scenes/Brush_Grass_02.png using Guid(5d4b367f0702b4b46a16ba3b67281419) Importer(2089858483,0ecaa5967403d082aa24f35e1b516d23) Generated GUIDs only implemented for interfaces!
 -> (artifact id: '46d8b6eb09653bdfc59489aa97519376') in 0.023767 seconds 
========================================================================
Received Import Request.
  Time since last request: 0.000022 seconds.
  path: Assets/Ground textures pack/Ground 02/normal.tga
  artifactKey: Guid(bf5346a62bd7d0b43a30d8188cf4163e) Importer(2089858483,0ecaa5967403d082aa24f35e1b516d23)
Start importing Assets/Ground textures pack/Ground 02/normal.tga using Guid(bf5346a62bd7d0b43a30d8188cf4163e) Importer(2089858483,0ecaa5967403d082aa24f35e1b516d23) Generated GUIDs only implemented for interfaces!
 -> (artifact id: '538ce77493ff57dfb4133d067dd23978') in 0.025080 seconds 
========================================================================
Received Import Request.
  Time since last request: 0.000021 seconds.
  path: Assets/Ground textures pack/Grass 01/diffuse.tga
  artifactKey: Guid(a51044dfe95257548b466bc35528b878) Importer(2089858483,0ecaa5967403d082aa24f35e1b516d23)
Start importing Assets/Ground textures pack/Grass 01/diffuse.tga using Guid(a51044dfe95257548b466bc35528b878) Importer(2089858483,0ecaa5967403d082aa24f35e1b516d23) Generated GUIDs only implemented for interfaces!
 -> (artifact id: '6844e63214adeee3d7516d2c480462eb') in 0.027629 seconds 
========================================================================
Received Import Request.
  Time since last request: 0.000022 seconds.
  path: Assets/Ground textures pack/Ground & moss/normal.tga
  artifactKey: Guid(a5c98dee3744c1944a469568d41d8eb4) Importer(2089858483,0ecaa5967403d082aa24f35e1b516d23)
Start importing Assets/Ground textures pack/Ground & moss/normal.tga using Guid(a5c98dee3744c1944a469568d41d8eb4) Importer(2089858483,0ecaa5967403d082aa24f35e1b516d23) Generated GUIDs only implemented for interfaces!
 -> (artifact id: 'a3f6528dd8f9b24d87c7c8a08c03218a') in 0.021462 seconds 
========================================================================
Received Import Request.
  Time since last request: 0.000032 seconds.
  path: Assets/Fantasy Skybox FREE/Scenes/TerrainDirt.terrainlayer
  artifactKey: Guid(d62e27a62f70e074eba77bbd9259e732) Importer(2089858483,0ecaa5967403d082aa24f35e1b516d23)
Start importing Assets/Fantasy Skybox FREE/Scenes/TerrainDirt.terrainlayer using Guid(d62e27a62f70e074eba77bbd9259e732) Importer(2089858483,0ecaa5967403d082aa24f35e1b516d23) Generated GUIDs only implemented for interfaces!
 -> (artifact id: '5776fa47b06218a802c90935a452dd42') in 0.023187 seconds 
========================================================================
Received Import Request.
  Time since last request: 0.000036 seconds.
  path: Assets/Ground textures pack/Grass & dead leafs 01/normal.tga
  artifactKey: Guid(ae0e7acc3616ba441a70994eb662f6e3) Importer(2089858483,0ecaa5967403d082aa24f35e1b516d23)
Start importing Assets/Ground textures pack/Grass & dead leafs 01/normal.tga using Guid(ae0e7acc3616ba441a70994eb662f6e3) Importer(2089858483,0ecaa5967403d082aa24f35e1b516d23) Generated GUIDs only implemented for interfaces!
 -> (artifact id: '7713fcf888d1316f81793bc091117ce7') in 0.020770 seconds 
========================================================================
Received Import Request.
  Time since last request: 0.000019 seconds.
  path: Assets/Ground textures pack/Ground & rocks 03/Ground & rocks pattern 03.mat
  artifactKey: Guid(bce0cd8cdfffc2a41b798316325a24d2) Importer(2089858483,0ecaa5967403d082aa24f35e1b516d23)
Start importing Assets/Ground textures pack/Ground & rocks 03/Ground & rocks pattern 03.mat using Guid(bce0cd8cdfffc2a41b798316325a24d2) Importer(2089858483,0ecaa5967403d082aa24f35e1b516d23) Generated GUIDs only implemented for interfaces!
 -> (artifact id: 'e042c62f0db5873957d3c8eb0e614271') in 0.033821 seconds 
========================================================================
Received Import Request.
  Time since last request: 0.000027 seconds.
  path: Assets/Ground textures pack/Ground 01/Ground pattern 01.mat
  artifactKey: Guid(748487d582b00d847bd57517f78d8e8f) Importer(2089858483,0ecaa5967403d082aa24f35e1b516d23)
Start importing Assets/Ground textures pack/Ground 01/Ground pattern 01.mat using Guid(748487d582b00d847bd57517f78d8e8f) Importer(2089858483,0ecaa5967403d082aa24f35e1b516d23) Generated GUIDs only implemented for interfaces!
 -> (artifact id: 'df850b3572b57f607011538bed6d16c1') in 0.027134 seconds 
========================================================================
Received Import Request.
  Time since last request: 0.000017 seconds.
  path: Assets/Ground textures pack/Lava
  artifactKey: Guid(955059dd68683494fb9b14318968616f) Importer(2089858483,0ecaa5967403d082aa24f35e1b516d23)
Start importing Assets/Ground textures pack/Lava using Guid(955059dd68683494fb9b14318968616f) Importer(2089858483,0ecaa5967403d082aa24f35e1b516d23) Generated GUIDs only implemented for interfaces!
 -> (artifact id: 'f2b15461f934082a7b4b46a67a7d18a1') in 0.008611 seconds 
========================================================================
Received Import Request.
  Time since last request: 0.000018 seconds.
  path: Assets/Fantasy Skybox FREE/Panoramics/FS002/FS002_Night_Moonless.png
  artifactKey: Guid(13ec4f589b2340646969832fc2e68ec6) Importer(2089858483,0ecaa5967403d082aa24f35e1b516d23)
Start importing Assets/Fantasy Skybox FREE/Panoramics/FS002/FS002_Night_Moonless.png using Guid(13ec4f589b2340646969832fc2e68ec6) Importer(2089858483,0ecaa5967403d082aa24f35e1b516d23) Generated GUIDs only implemented for interfaces!
 -> (artifact id: 'ab3f252d3f0d61cc852bd448d9fcb03f') in 0.018996 seconds 
========================================================================
Received Import Request.
  Time since last request: 0.000025 seconds.
  path: Assets/Fantasy Skybox FREE/Cubemaps/FS013/Images/FS013_Sunrise_Cubemap_front.png
  artifactKey: Guid(b0d6abfddcb6a8541a661c6dfd16b6c0) Importer(2089858483,0ecaa5967403d082aa24f35e1b516d23)
Start importing Assets/Fantasy Skybox FREE/Cubemaps/FS013/Images/FS013_Sunrise_Cubemap_front.png using Guid(b0d6abfddcb6a8541a661c6dfd16b6c0) Importer(2089858483,0ecaa5967403d082aa24f35e1b516d23) Generated GUIDs only implemented for interfaces!
 -> (artifact id: 'e4f957188d3a977b6ed931a28b0b160c') in 0.020124 seconds 
========================================================================
Received Import Request.
  Time since last request: 0.000025 seconds.
  path: Assets/Fantasy Skybox FREE/Cubemaps/Classic/FS000_Night_01_Moonless.png
  artifactKey: Guid(ac8a32e5107b67a47939926c52798a2b) Importer(2089858483,0ecaa5967403d082aa24f35e1b516d23)
Start importing Assets/Fantasy Skybox FREE/Cubemaps/Classic/FS000_Night_01_Moonless.png using Guid(ac8a32e5107b67a47939926c52798a2b) Importer(2089858483,0ecaa5967403d082aa24f35e1b516d23) Generated GUIDs only implemented for interfaces!
 -> (artifact id: '85fccb1d283baa6e72e9bcbf83c8dc45') in 0.026306 seconds 
========================================================================
Received Import Request.
  Time since last request: 0.000038 seconds.
  path: Assets/Ground textures pack/Ground 01/diffuse.tga
  artifactKey: Guid(eafd0beb9c624d34f812be7d14134c2f) Importer(2089858483,0ecaa5967403d082aa24f35e1b516d23)
Start importing Assets/Ground textures pack/Ground 01/diffuse.tga using Guid(eafd0beb9c624d34f812be7d14134c2f) Importer(2089858483,0ecaa5967403d082aa24f35e1b516d23) Generated GUIDs only implemented for interfaces!
 -> (artifact id: '30e6875298fc3a3db972e4ee6f2bb1fb') in 0.021427 seconds 
========================================================================
Received Import Request.
  Time since last request: 0.000024 seconds.
  path: Assets/Fantasy Skybox FREE/Panoramics/FS013/FS013_Day.png
  artifactKey: Guid(163214a3accfb80488d2e6a27f45b743) Importer(2089858483,0ecaa5967403d082aa24f35e1b516d23)
Start importing Assets/Fantasy Skybox FREE/Panoramics/FS013/FS013_Day.png using Guid(163214a3accfb80488d2e6a27f45b743) Importer(2089858483,0ecaa5967403d082aa24f35e1b516d23) Generated GUIDs only implemented for interfaces!
 -> (artifact id: '0c32651f4cfcc2129c6eeaf6084a38dd') in 0.019463 seconds 
========================================================================
Received Import Request.
  Time since last request: 0.000037 seconds.
  path: Assets/Fantasy Skybox FREE/Cubemaps/FS013/Images/FS013_Day_Cubemap_left.png
  artifactKey: Guid(014727d82348f1a4f8175752fb91f720) Importer(2089858483,0ecaa5967403d082aa24f35e1b516d23)
Start importing Assets/Fantasy Skybox FREE/Cubemaps/FS013/Images/FS013_Day_Cubemap_left.png using Guid(014727d82348f1a4f8175752fb91f720) Importer(2089858483,0ecaa5967403d082aa24f35e1b516d23) Generated GUIDs only implemented for interfaces!
 -> (artifact id: '5439c98327bfda57abad3eaedde1a8fc') in 0.020329 seconds 
========================================================================
Received Import Request.
  Time since last request: 0.000023 seconds.
  path: Assets/Ground textures pack/Grass 02
  artifactKey: Guid(f81c95b7a14be234f980a6d757a8f4f8) Importer(2089858483,0ecaa5967403d082aa24f35e1b516d23)
Start importing Assets/Ground textures pack/Grass 02 using Guid(f81c95b7a14be234f980a6d757a8f4f8) Importer(2089858483,0ecaa5967403d082aa24f35e1b516d23) Generated GUIDs only implemented for interfaces!
 -> (artifact id: '68b29f23cf8c7208d6ef87e2de3f90fc') in 0.010407 seconds 
========================================================================
Received Import Request.
  Time since last request: 0.000021 seconds.
  path: Assets/Fantasy Skybox FREE/Cubemaps/Classic/FS000_Day_05.mat
  artifactKey: Guid(e11f5b66aad75483b8cd16ee18a0c917) Importer(2089858483,0ecaa5967403d082aa24f35e1b516d23)
Start importing Assets/Fantasy Skybox FREE/Cubemaps/Classic/FS000_Day_05.mat using Guid(e11f5b66aad75483b8cd16ee18a0c917) Importer(2089858483,0ecaa5967403d082aa24f35e1b516d23) Generated GUIDs only implemented for interfaces!
 -> (artifact id: 'de8e936ab1987d165f184cfe8844e4f3') in 0.031186 seconds 
========================================================================
Received Import Request.
  Time since last request: 0.000019 seconds.
  path: Assets/Ground textures pack/Lava/diffuse.tga
  artifactKey: Guid(cc2d009b31ce2134a9438a34a78632a0) Importer(2089858483,0ecaa5967403d082aa24f35e1b516d23)
Start importing Assets/Ground textures pack/Lava/diffuse.tga using Guid(cc2d009b31ce2134a9438a34a78632a0) Importer(2089858483,0ecaa5967403d082aa24f35e1b516d23) Generated GUIDs only implemented for interfaces!
 -> (artifact id: '46b6db1435b7986b5c8b3d970f8ffeca') in 0.017670 seconds 
========================================================================
Received Import Request.
  Time since last request: 0.000020 seconds.
  path: Assets/Fantasy Skybox FREE/Cubemaps/FS003/Images/FS003_Night_Moonless_Cubemap_up.png
  artifactKey: Guid(b5f9d276d27d022429122ae306a99fbb) Importer(2089858483,0ecaa5967403d082aa24f35e1b516d23)
Start importing Assets/Fantasy Skybox FREE/Cubemaps/FS003/Images/FS003_Night_Moonless_Cubemap_up.png using Guid(b5f9d276d27d022429122ae306a99fbb) Importer(2089858483,0ecaa5967403d082aa24f35e1b516d23) Generated GUIDs only implemented for interfaces!
 -> (artifact id: '5d88e1c003b6dd9c893090ffdb60c8fa') in 0.018322 seconds 
========================================================================
Received Import Request.
  Time since last request: 0.000021 seconds.
  path: Assets/Ground textures pack/Ground & rocks 02/normal.tga
  artifactKey: Guid(1ce8744130c8d5542bb1f6e380e35a7e) Importer(2089858483,0ecaa5967403d082aa24f35e1b516d23)
Start importing Assets/Ground textures pack/Ground & rocks 02/normal.tga using Guid(1ce8744130c8d5542bb1f6e380e35a7e) Importer(2089858483,0ecaa5967403d082aa24f35e1b516d23) Generated GUIDs only implemented for interfaces!
 -> (artifact id: '456db34c51d220289008b2b462d60706') in 0.017318 seconds 
========================================================================
Received Import Request.
  Time since last request: 0.000017 seconds.
  path: Assets/Fantasy Skybox FREE/Cubemaps/FS003/Images/FS003_Day_Cubemap.cubemap
  artifactKey: Guid(8fa4fedf13c1a8a44904553ecc5b5a1d) Importer(2089858483,0ecaa5967403d082aa24f35e1b516d23)
Start importing Assets/Fantasy Skybox FREE/Cubemaps/FS003/Images/FS003_Day_Cubemap.cubemap using Guid(8fa4fedf13c1a8a44904553ecc5b5a1d) Importer(2089858483,0ecaa5967403d082aa24f35e1b516d23) Generated GUIDs only implemented for interfaces!
 -> (artifact id: '01a3dc3c0fbed541866b2b843c120b12') in 0.156846 seconds 
========================================================================
Received Import Request.
  Time since last request: 28.157061 seconds.
  path: Assets/Fantasy Skybox FREE/Cubemaps/FS003/Images/FS003_Night_Cubemap_left.png
  artifactKey: Guid(32755347f2e8a44479cdb0df5bbed6d4) Importer(2089858483,0ecaa5967403d082aa24f35e1b516d23)
Start importing Assets/Fantasy Skybox FREE/Cubemaps/FS003/Images/FS003_Night_Cubemap_left.png using Guid(32755347f2e8a44479cdb0df5bbed6d4) Importer(2089858483,0ecaa5967403d082aa24f35e1b516d23) Generated GUIDs only implemented for interfaces!
 -> (artifact id: 'b4ba170cf052564021675f0080a30092') in 0.019500 seconds 
========================================================================
Received Import Request.
  Time since last request: 0.000020 seconds.
  path: Assets/Fantasy Skybox FREE/Cubemaps/FS002/Images/FS002_Rainy_Cubemap_left.png
  artifactKey: Guid(3747ea63f013cdd478a366edd0fcdc4f) Importer(2089858483,0ecaa5967403d082aa24f35e1b516d23)
Start importing Assets/Fantasy Skybox FREE/Cubemaps/FS002/Images/FS002_Rainy_Cubemap_left.png using Guid(3747ea63f013cdd478a366edd0fcdc4f) Importer(2089858483,0ecaa5967403d082aa24f35e1b516d23) Generated GUIDs only implemented for interfaces!
 -> (artifact id: '332da116db9bdd3148f7e23fdd40150b') in 0.020450 seconds 
========================================================================
Received Import Request.
  Time since last request: 0.000025 seconds.
  path: Assets/Fantasy Skybox FREE/Cubemaps/FS002/Images/FS002_Sunrise_Cubemap_down.png
  artifactKey: Guid(3ddd9947dcae7c14cb42a3df8d1a5dc6) Importer(2089858483,0ecaa5967403d082aa24f35e1b516d23)
Start importing Assets/Fantasy Skybox FREE/Cubemaps/FS002/Images/FS002_Sunrise_Cubemap_down.png using Guid(3ddd9947dcae7c14cb42a3df8d1a5dc6) Importer(2089858483,0ecaa5967403d082aa24f35e1b516d23) Generated GUIDs only implemented for interfaces!
 -> (artifact id: '6c6cef9f90021484586b27cf5bb7f97e') in 0.022038 seconds 
========================================================================
Received Import Request.
  Time since last request: 0.000030 seconds.
  path: Assets/Fantasy Skybox FREE/Scenes/Texture_Rock_Diffuse.png
  artifactKey: Guid(5749f76eaefd4464d864cb20ae8451aa) Importer(2089858483,0ecaa5967403d082aa24f35e1b516d23)
Start importing Assets/Fantasy Skybox FREE/Scenes/Texture_Rock_Diffuse.png using Guid(5749f76eaefd4464d864cb20ae8451aa) Importer(2089858483,0ecaa5967403d082aa24f35e1b516d23) Generated GUIDs only implemented for interfaces!
 -> (artifact id: '20ab6993cb2d1e7e729ecda6baad5575') in 0.031351 seconds 
========================================================================
Received Import Request.
  Time since last request: 0.000027 seconds.
  path: Assets/Fantasy Skybox FREE/Cubemaps/FS013/Images/FS013_Sunset_Cubemap_down.png
  artifactKey: Guid(81843544bdbcf7544a4807db93d3f72d) Importer(2089858483,0ecaa5967403d082aa24f35e1b516d23)
Start importing Assets/Fantasy Skybox FREE/Cubemaps/FS013/Images/FS013_Sunset_Cubemap_down.png using Guid(81843544bdbcf7544a4807db93d3f72d) Importer(2089858483,0ecaa5967403d082aa24f35e1b516d23) Generated GUIDs only implemented for interfaces!
 -> (artifact id: 'e6e2d9acea362e23b821d36dc35c097a') in 0.025205 seconds 
========================================================================
Received Import Request.
  Time since last request: 0.000043 seconds.
  path: Assets/Fantasy Skybox FREE/Cubemaps/FS013/Images/FS013_Night_Moonless_Cubemap.cubemap
  artifactKey: Guid(002c4ae081facae49b8d52962f0b32af) Importer(2089858483,0ecaa5967403d082aa24f35e1b516d23)
Start importing Assets/Fantasy Skybox FREE/Cubemaps/FS013/Images/FS013_Night_Moonless_Cubemap.cubemap using Guid(002c4ae081facae49b8d52962f0b32af) Importer(2089858483,0ecaa5967403d082aa24f35e1b516d23) Generated GUIDs only implemented for interfaces!
 -> (artifact id: '7f0ea7e5ae8e06b8ac4e93779c7862a3') in 0.225977 seconds 
========================================================================
Received Import Request.
  Time since last request: 0.000042 seconds.
  path: Assets/Fantasy Skybox FREE/Cubemaps/FS013/FS013_Snowy_Cubemap.mat
  artifactKey: Guid(87567e7d36a377546a61db55aebf554c) Importer(2089858483,0ecaa5967403d082aa24f35e1b516d23)
Start importing Assets/Fantasy Skybox FREE/Cubemaps/FS013/FS013_Snowy_Cubemap.mat using Guid(87567e7d36a377546a61db55aebf554c) Importer(2089858483,0ecaa5967403d082aa24f35e1b516d23) Generated GUIDs only implemented for interfaces!
 -> (artifact id: '137cf051972cb7def345464d875ff561') in 0.027187 seconds 
========================================================================
Received Import Request.
  Time since last request: 0.000037 seconds.
  path: Assets/Fantasy Skybox FREE/Cubemaps/FS013/Images/FS013_Sunset_Cubemap.cubemap
  artifactKey: Guid(896b9da9b4029944fb571a2313d94de7) Importer(2089858483,0ecaa5967403d082aa24f35e1b516d23)
Start importing Assets/Fantasy Skybox FREE/Cubemaps/FS013/Images/FS013_Sunset_Cubemap.cubemap using Guid(896b9da9b4029944fb571a2313d94de7) Importer(2089858483,0ecaa5967403d082aa24f35e1b516d23) Generated GUIDs only implemented for interfaces!
 -> (artifact id: 'bcf539d3a3022616695471c5b8145aa1') in 0.188936 seconds 
========================================================================
Received Import Request.
  Time since last request: 0.000028 seconds.
  path: Assets/Fantasy Skybox FREE/Cubemaps/FS003/Images/FS003_Day_Sunless_Cubemap_back.png
  artifactKey: Guid(88a830f89c355c84db844cba6789b624) Importer(2089858483,0ecaa5967403d082aa24f35e1b516d23)
Start importing Assets/Fantasy Skybox FREE/Cubemaps/FS003/Images/FS003_Day_Sunless_Cubemap_back.png using Guid(88a830f89c355c84db844cba6789b624) Importer(2089858483,0ecaa5967403d082aa24f35e1b516d23) Generated GUIDs only implemented for interfaces!
 -> (artifact id: '50469a37451589fdda9e54dbbd3918b7') in 0.018205 seconds 
========================================================================
Received Import Request.
  Time since last request: 0.000028 seconds.
  path: Assets/Fantasy Skybox FREE/Cubemaps/FS013/Images/FS013_Night_Cubemap_down.png
  artifactKey: Guid(e0ba42174e4a6494594f41b2d8228d58) Importer(2089858483,0ecaa5967403d082aa24f35e1b516d23)
Start importing Assets/Fantasy Skybox FREE/Cubemaps/FS013/Images/FS013_Night_Cubemap_down.png using Guid(e0ba42174e4a6494594f41b2d8228d58) Importer(2089858483,0ecaa5967403d082aa24f35e1b516d23) Generated GUIDs only implemented for interfaces!
 -> (artifact id: '0bf7c68c7c077e0c26e3a31ea051d446') in 0.018552 seconds 
========================================================================
Received Import Request.
  Time since last request: 0.000039 seconds.
  path: Assets/Fantasy Skybox FREE/Panoramics/FS002/FS002_Sunrise.mat
  artifactKey: Guid(7c86d4abbd33b564b9e773aceadb8572) Importer(2089858483,0ecaa5967403d082aa24f35e1b516d23)
Start importing Assets/Fantasy Skybox FREE/Panoramics/FS002/FS002_Sunrise.mat using Guid(7c86d4abbd33b564b9e773aceadb8572) Importer(2089858483,0ecaa5967403d082aa24f35e1b516d23) Generated GUIDs only implemented for interfaces!
 -> (artifact id: 'f2f45979b5da028ef9d95764a1d42e35') in 0.020238 seconds 
========================================================================
Received Import Request.
  Time since last request: 0.000018 seconds.
  path: Assets/Fantasy Skybox FREE/Cubemaps/FS017/FS017_Day_Sunless_Cubemap.mat
  artifactKey: Guid(0cd0203ab60f88f4db947a87b4f57cbd) Importer(2089858483,0ecaa5967403d082aa24f35e1b516d23)
Start importing Assets/Fantasy Skybox FREE/Cubemaps/FS017/FS017_Day_Sunless_Cubemap.mat using Guid(0cd0203ab60f88f4db947a87b4f57cbd) Importer(2089858483,0ecaa5967403d082aa24f35e1b516d23) Generated GUIDs only implemented for interfaces!
 -> (artifact id: 'feeb5570f3fb0b8e613406f4191194a5') in 0.024425 seconds 
========================================================================
Received Import Request.
  Time since last request: 0.000018 seconds.
  path: Assets/Fantasy Skybox FREE/Panoramics/FS003/FS003_Night.png
  artifactKey: Guid(323f1ea1bce78fe4c90b2286fa1997e2) Importer(2089858483,0ecaa5967403d082aa24f35e1b516d23)
Start importing Assets/Fantasy Skybox FREE/Panoramics/FS003/FS003_Night.png using Guid(323f1ea1bce78fe4c90b2286fa1997e2) Importer(2089858483,0ecaa5967403d082aa24f35e1b516d23) Generated GUIDs only implemented for interfaces!
 -> (artifact id: '21daa1b6f355089a3a1845e17182af97') in 0.017460 seconds 
========================================================================
Received Import Request.
  Time since last request: 0.000021 seconds.
  path: Assets/Fantasy Skybox FREE/Panoramics/FS013/FS013_Night.png
  artifactKey: Guid(134608dbb5b4b3e458e3567b13281134) Importer(2089858483,0ecaa5967403d082aa24f35e1b516d23)
Start importing Assets/Fantasy Skybox FREE/Panoramics/FS013/FS013_Night.png using Guid(134608dbb5b4b3e458e3567b13281134) Importer(2089858483,0ecaa5967403d082aa24f35e1b516d23) Generated GUIDs only implemented for interfaces!
 -> (artifact id: 'e1371e54e347fe85955606cf5ec64e7e') in 0.016602 seconds 
========================================================================
Received Import Request.
  Time since last request: 0.000023 seconds.
  path: Assets/Fantasy Skybox FREE/Cubemaps/FS002/Images/FS002_Night_Moonless_Cubemap.cubemap
  artifactKey: Guid(6af7725426e611242b59b886806f5cb9) Importer(2089858483,0ecaa5967403d082aa24f35e1b516d23)
Start importing Assets/Fantasy Skybox FREE/Cubemaps/FS002/Images/FS002_Night_Moonless_Cubemap.cubemap using Guid(6af7725426e611242b59b886806f5cb9) Importer(2089858483,0ecaa5967403d082aa24f35e1b516d23) Generated GUIDs only implemented for interfaces!
 -> (artifact id: '14bd156dc30f85c09d62367570202e87') in 0.242637 seconds 
========================================================================
Received Import Request.
  Time since last request: 2.641186 seconds.
  path: Assets/Fantasy Skybox FREE/Cubemaps/FS017/Images/FS017_Snowy_Cubemap_up.png
  artifactKey: Guid(0ea9881999d66544aa0ac1415c929033) Importer(2089858483,0ecaa5967403d082aa24f35e1b516d23)
Start importing Assets/Fantasy Skybox FREE/Cubemaps/FS017/Images/FS017_Snowy_Cubemap_up.png using Guid(0ea9881999d66544aa0ac1415c929033) Importer(2089858483,0ecaa5967403d082aa24f35e1b516d23) Generated GUIDs only implemented for interfaces!
 -> (artifact id: '866401f67dd138c02823838078e63226') in 0.020013 seconds 
========================================================================
Received Import Request.
  Time since last request: 0.000020 seconds.
  path: Assets/TextMesh Pro/Examples & Extras/Resources/Fonts & Materials/Bangers SDF - Outline.mat
  artifactKey: Guid(f629c6e43dba4bf38cb74d8860150664) Importer(2089858483,0ecaa5967403d082aa24f35e1b516d23)
Start importing Assets/TextMesh Pro/Examples & Extras/Resources/Fonts & Materials/Bangers SDF - Outline.mat using Guid(f629c6e43dba4bf38cb74d8860150664) Importer(2089858483,0ecaa5967403d082aa24f35e1b516d23) Generated GUIDs only implemented for interfaces!
 -> (artifact id: 'b8ec748ecb67fbd554fee836be02670c') in 0.030686 seconds 
========================================================================
Received Import Request.
  Time since last request: 0.000024 seconds.
  path: Assets/Fantasy Skybox FREE/Cubemaps/FS013/Images/FS013_Snowy_Cubemap_front.png
  artifactKey: Guid(d15a4dba1843ace47a183b0b039dab58) Importer(2089858483,0ecaa5967403d082aa24f35e1b516d23)
Start importing Assets/Fantasy Skybox FREE/Cubemaps/FS013/Images/FS013_Snowy_Cubemap_front.png using Guid(d15a4dba1843ace47a183b0b039dab58) Importer(2089858483,0ecaa5967403d082aa24f35e1b516d23) Generated GUIDs only implemented for interfaces!
 -> (artifact id: '2bf158a69cdacfd90b71a563d381f1b3') in 0.017647 seconds 
========================================================================
Received Import Request.
  Time since last request: 0.000034 seconds.
  path: Assets/TextMesh Pro/Examples & Extras/Resources/Fonts & Materials/Bangers SDF.asset
  artifactKey: Guid(125cb55b44b24c4393181402bc6200e6) Importer(2089858483,0ecaa5967403d082aa24f35e1b516d23)
Start importing Assets/TextMesh Pro/Examples & Extras/Resources/Fonts & Materials/Bangers SDF.asset using Guid(125cb55b44b24c4393181402bc6200e6) Importer(2089858483,0ecaa5967403d082aa24f35e1b516d23) Generated GUIDs only implemented for interfaces!
 -> (artifact id: '406be5134d0646f1480121c10937b776') in 0.064731 seconds 
========================================================================
Received Import Request.
  Time since last request: 0.000023 seconds.
  path: Assets/Fantasy Skybox FREE/Cubemaps/FS002/Images/FS002_Night_Moonless_Cubemap_right.png
  artifactKey: Guid(cbc272ab67a6bd94da126c47f62eb6a1) Importer(2089858483,0ecaa5967403d082aa24f35e1b516d23)
Start importing Assets/Fantasy Skybox FREE/Cubemaps/FS002/Images/FS002_Night_Moonless_Cubemap_right.png using Guid(cbc272ab67a6bd94da126c47f62eb6a1) Importer(2089858483,0ecaa5967403d082aa24f35e1b516d23) Generated GUIDs only implemented for interfaces!
 -> (artifact id: '93a920b2fb0e4c787d8003ec274310f4') in 0.018520 seconds 
========================================================================
Received Prepare
Refreshing native plugins compatible for Editor in 3.00 ms, found 3 plugins.
Preloading 0 native plugins for Editor in 0.00 ms.
Unloading 17 Unused Serialized files (Serialized files now loaded: 0)
Unloading 17 unused Assets / (79.0 KB). Loaded Objects now: 3598.
Memory consumption went from 57.9 MB to 57.9 MB.
Total: 4.283300 ms (FindLiveObjects: 0.254200 ms CreateObjectMapping: 0.105200 ms MarkObjects: 3.836000 ms  DeleteObjects: 0.087200 ms)

AssetImportParameters requested are different than current active one (requested -> active):
  custom:video-decoder-ogg-theora: a1e56fd34408186e4bbccfd4996cb3dc -> 
  custom:container-muxer-webm: aa71ff27fc2769a1b78a27578f13a17b -> 
  custom:container-demuxer-webm: 4f35f7cbe854078d1ac9338744f61a02 -> 
  custom:video-encoder-webm-vp8: eb34c28f22e8b96e1ab97ce403110664 -> 
  custom:video-codec-MediaFoundation-h265: 746d11721c4dcdbdad8f713fa42b33f4 -> 
  custom:audio-encoder-webm-vorbis: bf7c407c2cedff20999df2af8eb42d56 -> 
  custom:framework-win-MediaFoundation: 216162199b28c13a410421893ffa2e32 -> 
  custom:SearchIndexIgnoredProperties: e643bd26f0fe6173181afceb89e7c659 -> 
  custom:container-demuxer-ogg: 62fdf1f143b41e24485cea50d1cbac27 -> 
  custom:video-decoder-webm-vp8: 9c59270c3fd7afecdb556c50c9e8de78 -> 
  custom:audio-decoder-ogg-vorbis: bf7c407c2cedff20999df2af8eb42d56 -> 
Editor requested this worker to shutdown with reason: Scaling down because of idle timeout
AssetImportWorker is now disconnected from the server
Process exiting
Exiting without the bug reporter. Application will terminate with return code 0